02/14/2019 10:39:31 program started
02/14/2019 10:39:31 command line: /home/mushalali/bin/srst2 --input_se test3.fq --output test3_srst2 --gene_db ResFinder.fasta
02/14/2019 10:39:31 Total single reads found:1
02/14/2019 10:39:31 Building bowtie2 index for ResFinder.fasta...
02/14/2019 10:39:31 Running: bowtie2-build ResFinder.fasta ResFinder.fasta
02/14/2019 10:39:35 Processing database ResFinder.fasta
02/14/2019 10:39:35 Running: samtools faidx ResFinder.fasta
02/14/2019 10:39:35 Non-unique:375, spc2
02/14/2019 10:39:35 Non-unique:183, sul3
02/14/2019 10:39:35 Non-unique:183, sul3
02/14/2019 10:39:35 Processing sample test3
02/14/2019 10:39:35 Starting mapping with bowtie2
02/14/2019 10:39:35 Output prefix set to: test3_srst2__test3.ResFinder
02/14/2019 10:39:35 Aligning reads to index ResFinder.fasta using bowtie2...
02/14/2019 10:39:35 Running: bowtie2 -U test3.fq -S test3_srst2__test3.ResFinder.sam -q --very-sensitive-local --no-unal -a -x ResFinder.fasta
10000 reads; of these:
  10000 (100.00%) were unpaired; of these:
    9986 (99.86%) aligned 0 times
    5 (0.05%) aligned exactly 1 time
    9 (0.09%) aligned >1 times
0.14% overall alignment rate
02/14/2019 10:39:36 Processing Bowtie2 output with SAMtools...
02/14/2019 10:39:36 Generate and sort BAM file...
02/14/2019 10:39:36 Running: samtools view -b -o test3_srst2__test3.ResFinder.unsorted.bam -q 1 -S test3_srst2__test3.ResFinder.sam.mod
[samopen] SAM header is present: 1913 sequences.
02/14/2019 10:39:36 Running: samtools sort test3_srst2__test3.ResFinder.unsorted.bam test3_srst2__test3.ResFinder.sorted
02/14/2019 10:39:36 Deleting sam and bam files that are not longer needed...
02/14/2019 10:39:36 Deleting test3_srst2__test3.ResFinder.sam
02/14/2019 10:39:36 Deleting test3_srst2__test3.ResFinder.sam.mod
02/14/2019 10:39:36 Deleting test3_srst2__test3.ResFinder.unsorted.bam
02/14/2019 10:39:36 Generate pileup...
02/14/2019 10:39:36 Running: samtools mpileup -L 1000 -f ResFinder.fasta -Q 20 -q 1 -B test3_srst2__test3.ResFinder.sorted.bam
[mpileup] 1 samples in 1 input files
<mpileup> Set max per-file depth to 8000
02/14/2019 10:39:36  Processing SAMtools pileup...
02/14/2019 10:39:36  Scoring alleles...
02/14/2019 10:39:36  Finished processing for read set test3 ...
02/14/2019 10:39:36 Tabulating results for database ResFinder.fasta ...
02/14/2019 10:39:36 Finished processing for database ResFinder.fasta ...
02/14/2019 10:39:36 Gene detection output printed to test3_srst2__genes__ResFinder__results.txt
02/14/2019 10:39:36 SRST2 has finished.
