02/14/2019 10:39:31 program started
02/14/2019 10:39:31 command line: /home/mushalali/bin/srst2 --input_se test1.fq --output test1_srst2 --gene_db ResFinder.fasta
02/14/2019 10:39:31 Total single reads found:1
02/14/2019 10:39:31 Building bowtie2 index for ResFinder.fasta...
02/14/2019 10:39:31 Running: bowtie2-build ResFinder.fasta ResFinder.fasta
Settings:
  Output files: "ResFinder.fasta.*.bt2"
  Line rate: 6 (line is 64 bytes)
  Lines per side: 1 (side is 64 bytes)
  Offset rate: 4 (one in 16)
  FTable chars: 10
  Strings: unpacked
  Max bucket size: default
  Max bucket size, sqrt multiplier: default
  Max bucket size, len divisor: 4
  Difference-cover sample period: 1024
  Endianness: little
  Actual local endianness: little
  Sanity checking: disabled
  Assertions: disabled
  Random seed: 0
  Sizeofs: void*:8, int:4, long:8, size_t:8
Input files DNA, FASTA:
  ResFinder.fasta
Reading reference sizes
  Time reading reference sizes: 00:00:00
Calculating joined length
Writing header
Reserving space for joined string
Joining reference sequences
  Time to join reference sequences: 00:00:00
bmax according to bmaxDivN setting: 417578
Using parameters --bmax 313184 --dcv 1024
  Doing ahead-of-time memory usage test
  Passed!  Constructing with these parameters: --bmax 313184 --dcv 1024
Constructing suffix-array element generator
Building DifferenceCoverSample
  Building sPrime
  Building sPrimeOrder
  V-Sorting samples
  V-Sorting samples time: 00:00:00
  Allocating rank array
  Ranking v-sort output
  Ranking v-sort output time: 00:00:00
  Invoking Larsson-Sadakane on ranks
  Invoking Larsson-Sadakane on ranks time: 00:00:00
  Sanity-checking and returning
Building samples
Reserving space for 12 sample suffixes
Generating random suffixes
QSorting 12 sample offsets, eliminating duplicates
QSorting sample offsets, eliminating duplicates time: 00:00:00
Multikey QSorting 12 samples
  (Using difference cover)
  Multikey QSorting samples time: 00:00:00
Calculating bucket sizes
  Binary sorting into buckets
  10%
  20%
  30%
  40%
  50%
  60%
  70%
  80%
  90%
  100%
  Binary sorting into buckets time: 00:00:00
Splitting and merging
  Splitting and merging time: 00:00:00
Split 1, merged 6; iterating...
  Binary sorting into buckets
  10%
  20%
  30%
  40%
  50%
  60%
  70%
  80%
  90%
  100%
  Binary sorting into buckets time: 00:00:00
Splitting and merging
  Splitting and merging time: 00:00:00
Avg bucket size: 208788 (target: 313183)
Converting suffix-array elements to index image
Allocating ftab, absorbFtab
Entering Ebwt loop
Getting block 1 of 8
  Reserving size (313184) for bucket
  Calculating Z arrays
  Calculating Z arrays time: 00:00:00
  Entering block accumulator loop:
  10%
  20%
  30%
  40%
  50%
  60%
  70%
  80%
  90%
  100%
  Block accumulator loop time: 00:00:00
  Sorting block of length 247357
  (Using difference cover)
  Sorting block time: 00:00:00
Returning block of 247358
Getting block 2 of 8
  Reserving size (313184) for bucket
  Calculating Z arrays
  Calculating Z arrays time: 00:00:00
  Entering block accumulator loop:
  10%
  20%
  30%
  40%
  50%
  60%
  70%
  80%
  90%
  100%
  Block accumulator loop time: 00:00:00
  Sorting block of length 169404
  (Using difference cover)
  Sorting block time: 00:00:01
Returning block of 169405
Getting block 3 of 8
  Reserving size (313184) for bucket
  Calculating Z arrays
  Calculating Z arrays time: 00:00:00
  Entering block accumulator loop:
  10%
  20%
  30%
  40%
  50%
  60%
  70%
  80%
  90%
  100%
  Block accumulator loop time: 00:00:00
  Sorting block of length 253874
  (Using difference cover)
  Sorting block time: 00:00:00
Returning block of 253875
Getting block 4 of 8
  Reserving size (313184) for bucket
  Calculating Z arrays
  Calculating Z arrays time: 00:00:00
  Entering block accumulator loop:
  10%
  20%
  30%
  40%
  50%
  60%
  70%
  80%
  90%
  100%
  Block accumulator loop time: 00:00:00
  Sorting block of length 93919
  (Using difference cover)
  Sorting block time: 00:00:00
Returning block of 93920
Getting block 5 of 8
  Reserving size (313184) for bucket
  Calculating Z arrays
  Calculating Z arrays time: 00:00:00
  Entering block accumulator loop:
  10%
  20%
  30%
  40%
  50%
  60%
  70%
  80%
  90%
  100%
  Block accumulator loop time: 00:00:00
  Sorting block of length 220807
  (Using difference cover)
  Sorting block time: 00:00:00
Returning block of 220808
Getting block 6 of 8
  Reserving size (313184) for bucket
  Calculating Z arrays
  Calculating Z arrays time: 00:00:00
  Entering block accumulator loop:
  10%
  20%
  30%
  40%
  50%
  60%
  70%
  80%
  90%
  100%
  Block accumulator loop time: 00:00:00
  Sorting block of length 310798
  (Using difference cover)
  Sorting block time: 00:00:01
Returning block of 310799
Getting block 7 of 8
  Reserving size (313184) for bucket
  Calculating Z arrays
  Calculating Z arrays time: 00:00:00
  Entering block accumulator loop:
  10%
  20%
  30%
  40%
  50%
  60%
  70%
  80%
  90%
  100%
  Block accumulator loop time: 00:00:00
  Sorting block of length 271309
  (Using difference cover)
  Sorting block time: 00:00:00
Returning block of 271310
Getting block 8 of 8
  Reserving size (313184) for bucket
  Calculating Z arrays
  Calculating Z arrays time: 00:00:00
  Entering block accumulator loop:
  10%
  20%
  30%
  40%
  50%
  60%
  70%
  80%
  90%
  100%
  Block accumulator loop time: 00:00:00
  Sorting block of length 102840
  (Using difference cover)
  Sorting block time: 00:00:00
Returning block of 102841
Exited Ebwt loop
fchr[A]: 0
fchr[C]: 438439
fchr[G]: 835983
fchr[T]: 1271347
fchr[$]: 1670315
Exiting Ebwt::buildToDisk()
Returning from initFromVector
Wrote 4919498 bytes to primary EBWT file: ResFinder.fasta.1.bt2
Wrote 417584 bytes to secondary EBWT file: ResFinder.fasta.2.bt2
Re-opening _in1 and _in2 as input streams
Returning from Ebwt constructor
Headers:
    len: 1670315
    bwtLen: 1670316
    sz: 417579
    bwtSz: 417579
    lineRate: 6
    offRate: 4
    offMask: 0xfffffff0
    ftabChars: 10
    eftabLen: 20
    eftabSz: 80
    ftabLen: 1048577
    ftabSz: 4194308
    offsLen: 104395
    offsSz: 417580
    lineSz: 64
    sideSz: 64
    sideBwtSz: 48
    sideBwtLen: 192
    numSides: 8700
    numLines: 8700
    ebwtTotLen: 556800
    ebwtTotSz: 556800
    color: 0
    reverse: 0
Total time for call to driver() for forward index: 00:00:02
Reading reference sizes
  Time reading reference sizes: 00:00:00
Calculating joined length
Writing header
Reserving space for joined string
Joining reference sequences
  Time to join reference sequences: 00:00:00
  Time to reverse reference sequence: 00:00:00
bmax according to bmaxDivN setting: 417578
Using parameters --bmax 313184 --dcv 1024
  Doing ahead-of-time memory usage test
  Passed!  Constructing with these parameters: --bmax 313184 --dcv 1024
Constructing suffix-array element generator
Building DifferenceCoverSample
  Building sPrime
  Building sPrimeOrder
  V-Sorting samples
  V-Sorting samples time: 00:00:00
  Allocating rank array
  Ranking v-sort output
  Ranking v-sort output time: 00:00:00
  Invoking Larsson-Sadakane on ranks
  Invoking Larsson-Sadakane on ranks time: 00:00:00
  Sanity-checking and returning
Building samples
Reserving space for 12 sample suffixes
Generating random suffixes
QSorting 12 sample offsets, eliminating duplicates
QSorting sample offsets, eliminating duplicates time: 00:00:00
Multikey QSorting 12 samples
  (Using difference cover)
  Multikey QSorting samples time: 00:00:00
Calculating bucket sizes
  Binary sorting into buckets
  10%
  20%
  30%
  40%
  50%
  60%
  70%
  80%
  90%
  100%
  Binary sorting into buckets time: 00:00:00
Splitting and merging
  Splitting and merging time: 00:00:00
Split 1, merged 6; iterating...
  Binary sorting into buckets
  10%
  20%
  30%
  40%
  50%
  60%
  70%
  80%
  90%
  100%
  Binary sorting into buckets time: 00:00:00
Splitting and merging
  Splitting and merging time: 00:00:00
Avg bucket size: 208788 (target: 313183)
Converting suffix-array elements to index image
Allocating ftab, absorbFtab
Entering Ebwt loop
Getting block 1 of 8
  Reserving size (313184) for bucket
  Calculating Z arrays
  Calculating Z arrays time: 00:00:00
  Entering block accumulator loop:
  10%
  20%
  30%
  40%
  50%
  60%
  70%
  80%
  90%
  100%
  Block accumulator loop time: 00:00:00
  Sorting block of length 202622
  (Using difference cover)
  Sorting block time: 00:00:00
Returning block of 202623
Getting block 2 of 8
  Reserving size (313184) for bucket
  Calculating Z arrays
  Calculating Z arrays time: 00:00:00
  Entering block accumulator loop:
  10%
  20%
  30%
  40%
  50%
  60%
  70%
  80%
  90%
  100%
  Block accumulator loop time: 00:00:00
  Sorting block of length 218632
  (Using difference cover)
  Sorting block time: 00:00:00
Returning block of 218633
Getting block 3 of 8
  Reserving size (313184) for bucket
  Calculating Z arrays
  Calculating Z arrays time: 00:00:00
  Entering block accumulator loop:
  10%
  20%
  30%
  40%
  50%
  60%
  70%
  80%
  90%
  100%
  Block accumulator loop time: 00:00:00
  Sorting block of length 293869
  (Using difference cover)
  Sorting block time: 00:00:01
Returning block of 293870
Getting block 4 of 8
  Reserving size (313184) for bucket
  Calculating Z arrays
  Calculating Z arrays time: 00:00:00
  Entering block accumulator loop:
  10%
  20%
  30%
  40%
  50%
  60%
  70%
  80%
  90%
  100%
  Block accumulator loop time: 00:00:00
  Sorting block of length 166768
  (Using difference cover)
  Sorting block time: 00:00:00
Returning block of 166769
Getting block 5 of 8
  Reserving size (313184) for bucket
  Calculating Z arrays
  Calculating Z arrays time: 00:00:00
  Entering block accumulator loop:
  10%
  20%
  30%
  40%
  50%
  60%
  70%
  80%
  90%
  100%
  Block accumulator loop time: 00:00:00
  Sorting block of length 282966
  (Using difference cover)
  Sorting block time: 00:00:00
Returning block of 282967
Getting block 6 of 8
  Reserving size (313184) for bucket
  Calculating Z arrays
  Calculating Z arrays time: 00:00:00
  Entering block accumulator loop:
  10%
  20%
  30%
  40%
  50%
  60%
  70%
  80%
  90%
  100%
  Block accumulator loop time: 00:00:00
  Sorting block of length 166439
  (Using difference cover)
  Sorting block time: 00:00:00
Returning block of 166440
Getting block 7 of 8
  Reserving size (313184) for bucket
  Calculating Z arrays
  Calculating Z arrays time: 00:00:00
  Entering block accumulator loop:
  10%
  20%
  30%
  40%
  50%
  60%
  70%
  80%
  90%
  100%
  Block accumulator loop time: 00:00:00
  Sorting block of length 292014
  (Using difference cover)
  Sorting block time: 00:00:01
Returning block of 292015
Getting block 8 of 8
  Reserving size (313184) for bucket
  Calculating Z arrays
  Calculating Z arrays time: 00:00:00
  Entering block accumulator loop:
  10%
  20%
  30%
  40%
  50%
  60%
  70%
  80%
  90%
  100%
  Block accumulator loop time: 00:00:00
  Sorting block of length 46998
  (Using difference cover)
  Sorting block time: 00:00:00
Returning block of 46999
Exited Ebwt loop
fchr[A]: 0
fchr[C]: 438439
fchr[G]: 835983
fchr[T]: 1271347
fchr[$]: 1670315
Exiting Ebwt::buildToDisk()
Returning from initFromVector
Wrote 4919498 bytes to primary EBWT file: ResFinder.fasta.rev.1.bt2
Wrote 417584 bytes to secondary EBWT file: ResFinder.fasta.rev.2.bt2
Re-opening _in1 and _in2 as input streams
Returning from Ebwt constructor
Headers:
    len: 1670315
    bwtLen: 1670316
    sz: 417579
    bwtSz: 417579
    lineRate: 6
    offRate: 4
    offMask: 0xfffffff0
    ftabChars: 10
    eftabLen: 20
    eftabSz: 80
    ftabLen: 1048577
    ftabSz: 4194308
    offsLen: 104395
    offsSz: 417580
    lineSz: 64
    sideSz: 64
    sideBwtSz: 48
    sideBwtLen: 192
    numSides: 8700
    numLines: 8700
    ebwtTotLen: 556800
    ebwtTotSz: 556800
    color: 0
    reverse: 1
Total time for backward call to driver() for mirror index: 00:00:03
02/14/2019 10:39:36 Processing database ResFinder.fasta
02/14/2019 10:39:36 Running: samtools faidx ResFinder.fasta
02/14/2019 10:39:36 Non-unique:375, spc2
02/14/2019 10:39:36 Non-unique:183, sul3
02/14/2019 10:39:36 Non-unique:183, sul3
02/14/2019 10:39:36 Processing sample test1
02/14/2019 10:39:36 Starting mapping with bowtie2
02/14/2019 10:39:36 Output prefix set to: test1_srst2__test1.ResFinder
02/14/2019 10:39:36 Aligning reads to index ResFinder.fasta using bowtie2...
02/14/2019 10:39:36 Running: bowtie2 -U test1.fq -S test1_srst2__test1.ResFinder.sam -q --very-sensitive-local --no-unal -a -x ResFinder.fasta
10000 reads; of these:
  10000 (100.00%) were unpaired; of these:
    9986 (99.86%) aligned 0 times
    5 (0.05%) aligned exactly 1 time
    9 (0.09%) aligned >1 times
0.14% overall alignment rate
02/14/2019 10:39:37 Processing Bowtie2 output with SAMtools...
02/14/2019 10:39:37 Generate and sort BAM file...
02/14/2019 10:39:37 Running: samtools view -b -o test1_srst2__test1.ResFinder.unsorted.bam -q 1 -S test1_srst2__test1.ResFinder.sam.mod
[samopen] SAM header is present: 1913 sequences.
02/14/2019 10:39:37 Running: samtools sort test1_srst2__test1.ResFinder.unsorted.bam test1_srst2__test1.ResFinder.sorted
02/14/2019 10:39:37 Deleting sam and bam files that are not longer needed...
02/14/2019 10:39:37 Deleting test1_srst2__test1.ResFinder.sam
02/14/2019 10:39:37 Deleting test1_srst2__test1.ResFinder.sam.mod
02/14/2019 10:39:37 Deleting test1_srst2__test1.ResFinder.unsorted.bam
02/14/2019 10:39:37 Generate pileup...
02/14/2019 10:39:37 Running: samtools mpileup -L 1000 -f ResFinder.fasta -Q 20 -q 1 -B test1_srst2__test1.ResFinder.sorted.bam
[mpileup] 1 samples in 1 input files
<mpileup> Set max per-file depth to 8000
02/14/2019 10:39:37  Processing SAMtools pileup...
02/14/2019 10:39:37  Scoring alleles...
02/14/2019 10:39:37  Finished processing for read set test1 ...
02/14/2019 10:39:37 Tabulating results for database ResFinder.fasta ...
02/14/2019 10:39:37 Finished processing for database ResFinder.fasta ...
02/14/2019 10:39:37 Gene detection output printed to test1_srst2__genes__ResFinder__results.txt
02/14/2019 10:39:37 SRST2 has finished.
