02/14/2019 10:39:31 program started
02/14/2019 10:39:31 command line: /home/mushalali/bin/srst2 --input_se test1.fq --output test1_srst2 --gene_db ARGannot_r3.fasta
02/14/2019 10:39:31 Total single reads found:1
02/14/2019 10:39:31 Building bowtie2 index for ARGannot_r3.fasta...
02/14/2019 10:39:31 Running: bowtie2-build ARGannot_r3.fasta ARGannot_r3.fasta
Settings:
  Output files: "ARGannot_r3.fasta.*.bt2"
  Line rate: 6 (line is 64 bytes)
  Lines per side: 1 (side is 64 bytes)
  Offset rate: 4 (one in 16)
  FTable chars: 10
  Strings: unpacked
  Max bucket size: default
  Max bucket size, sqrt multiplier: default
  Max bucket size, len divisor: 4
  Difference-cover sample period: 1024
  Endianness: little
  Actual local endianness: little
  Sanity checking: disabled
  Assertions: disabled
  Random seed: 0
  Sizeofs: void*:8, int:4, long:8, size_t:8
Input files DNA, FASTA:
  ARGannot_r3.fasta
Reading reference sizes
  Time reading reference sizes: 00:00:00
Calculating joined length
Writing header
Reserving space for joined string
Joining reference sequences
  Time to join reference sequences: 00:00:00
bmax according to bmaxDivN setting: 412547
Using parameters --bmax 309411 --dcv 1024
  Doing ahead-of-time memory usage test
  Passed!  Constructing with these parameters: --bmax 309411 --dcv 1024
Constructing suffix-array element generator
Building DifferenceCoverSample
  Building sPrime
  Building sPrimeOrder
  V-Sorting samples
  V-Sorting samples time: 00:00:00
  Allocating rank array
  Ranking v-sort output
  Ranking v-sort output time: 00:00:00
  Invoking Larsson-Sadakane on ranks
  Invoking Larsson-Sadakane on ranks time: 00:00:00
  Sanity-checking and returning
Building samples
Reserving space for 12 sample suffixes
Generating random suffixes
QSorting 12 sample offsets, eliminating duplicates
QSorting sample offsets, eliminating duplicates time: 00:00:00
Multikey QSorting 12 samples
  (Using difference cover)
  Multikey QSorting samples time: 00:00:00
Calculating bucket sizes
  Binary sorting into buckets
  10%
  20%
  30%
  40%
  50%
  60%
  70%
  80%
  90%
  100%
  Binary sorting into buckets time: 00:00:00
Splitting and merging
  Splitting and merging time: 00:00:00
Split 1, merged 7; iterating...
  Binary sorting into buckets
  10%
  20%
  30%
  40%
  50%
  60%
  70%
  80%
  90%
  100%
  Binary sorting into buckets time: 00:00:00
Splitting and merging
  Splitting and merging time: 00:00:00
Split 1, merged 1; iterating...
  Binary sorting into buckets
  10%
  20%
  30%
  40%
  50%
  60%
  70%
  80%
  90%
  100%
  Binary sorting into buckets time: 00:00:00
Splitting and merging
  Splitting and merging time: 00:00:00
Avg bucket size: 235740 (target: 309410)
Converting suffix-array elements to index image
Allocating ftab, absorbFtab
Entering Ebwt loop
Getting block 1 of 7
  Reserving size (309411) for bucket
  Calculating Z arrays
  Calculating Z arrays time: 00:00:00
  Entering block accumulator loop:
  10%
  20%
  30%
  40%
  50%
  60%
  70%
  80%
  90%
  100%
  Block accumulator loop time: 00:00:00
  Sorting block of length 302543
  (Using difference cover)
  Sorting block time: 00:00:00
Returning block of 302544
Getting block 2 of 7
  Reserving size (309411) for bucket
  Calculating Z arrays
  Calculating Z arrays time: 00:00:00
  Entering block accumulator loop:
  10%
  20%
  30%
  40%
  50%
  60%
  70%
  80%
  90%
  100%
  Block accumulator loop time: 00:00:01
  Sorting block of length 205436
  (Using difference cover)
  Sorting block time: 00:00:00
Returning block of 205437
Getting block 3 of 7
  Reserving size (309411) for bucket
  Calculating Z arrays
  Calculating Z arrays time: 00:00:00
  Entering block accumulator loop:
  10%
  20%
  30%
  40%
  50%
  60%
  70%
  80%
  90%
  100%
  Block accumulator loop time: 00:00:00
  Sorting block of length 257979
  (Using difference cover)
  Sorting block time: 00:00:00
Returning block of 257980
Getting block 4 of 7
  Reserving size (309411) for bucket
  Calculating Z arrays
  Calculating Z arrays time: 00:00:00
  Entering block accumulator loop:
  10%
  20%
  30%
  40%
  50%
  60%
  70%
  80%
  90%
  100%
  Block accumulator loop time: 00:00:00
  Sorting block of length 300071
  (Using difference cover)
  Sorting block time: 00:00:00
Returning block of 300072
Getting block 5 of 7
  Reserving size (309411) for bucket
  Calculating Z arrays
  Calculating Z arrays time: 00:00:00
  Entering block accumulator loop:
  10%
  20%
  30%
  40%
  50%
  60%
  70%
  80%
  90%
  100%
  Block accumulator loop time: 00:00:00
  Sorting block of length 126742
  (Using difference cover)
  Sorting block time: 00:00:01
Returning block of 126743
Getting block 6 of 7
  Reserving size (309411) for bucket
  Calculating Z arrays
  Calculating Z arrays time: 00:00:00
  Entering block accumulator loop:
  10%
  20%
  30%
  40%
  50%
  60%
  70%
  80%
  90%
  100%
  Block accumulator loop time: 00:00:00
  Sorting block of length 304683
  (Using difference cover)
  Sorting block time: 00:00:00
Returning block of 304684
Getting block 7 of 7
  Reserving size (309411) for bucket
  Calculating Z arrays
  Calculating Z arrays time: 00:00:00
  Entering block accumulator loop:
  10%
  20%
  30%
  40%
  50%
  60%
  70%
  80%
  90%
  100%
  Block accumulator loop time: 00:00:00
  Sorting block of length 152729
  (Using difference cover)
  Sorting block time: 00:00:00
Returning block of 152730
Exited Ebwt loop
fchr[A]: 0
fchr[C]: 429237
fchr[G]: 827534
fchr[T]: 1262860
fchr[$]: 1650189
Exiting Ebwt::buildToDisk()
Returning from initFromVector
Wrote 4899790 bytes to primary EBWT file: ARGannot_r3.fasta.1.bt2
Wrote 412552 bytes to secondary EBWT file: ARGannot_r3.fasta.2.bt2
Re-opening _in1 and _in2 as input streams
Returning from Ebwt constructor
Headers:
    len: 1650189
    bwtLen: 1650190
    sz: 412548
    bwtSz: 412548
    lineRate: 6
    offRate: 4
    offMask: 0xfffffff0
    ftabChars: 10
    eftabLen: 20
    eftabSz: 80
    ftabLen: 1048577
    ftabSz: 4194308
    offsLen: 103137
    offsSz: 412548
    lineSz: 64
    sideSz: 64
    sideBwtSz: 48
    sideBwtLen: 192
    numSides: 8595
    numLines: 8595
    ebwtTotLen: 550080
    ebwtTotSz: 550080
    color: 0
    reverse: 0
Total time for call to driver() for forward index: 00:00:02
Reading reference sizes
  Time reading reference sizes: 00:00:00
Calculating joined length
Writing header
Reserving space for joined string
Joining reference sequences
  Time to join reference sequences: 00:00:00
  Time to reverse reference sequence: 00:00:00
bmax according to bmaxDivN setting: 412547
Using parameters --bmax 309411 --dcv 1024
  Doing ahead-of-time memory usage test
  Passed!  Constructing with these parameters: --bmax 309411 --dcv 1024
Constructing suffix-array element generator
Building DifferenceCoverSample
  Building sPrime
  Building sPrimeOrder
  V-Sorting samples
  V-Sorting samples time: 00:00:00
  Allocating rank array
  Ranking v-sort output
  Ranking v-sort output time: 00:00:00
  Invoking Larsson-Sadakane on ranks
  Invoking Larsson-Sadakane on ranks time: 00:00:00
  Sanity-checking and returning
Building samples
Reserving space for 12 sample suffixes
Generating random suffixes
QSorting 12 sample offsets, eliminating duplicates
QSorting sample offsets, eliminating duplicates time: 00:00:00
Multikey QSorting 12 samples
  (Using difference cover)
  Multikey QSorting samples time: 00:00:00
Calculating bucket sizes
  Binary sorting into buckets
  10%
  20%
  30%
  40%
  50%
  60%
  70%
  80%
  90%
  100%
  Binary sorting into buckets time: 00:00:00
Splitting and merging
  Splitting and merging time: 00:00:00
Split 1, merged 6; iterating...
  Binary sorting into buckets
  10%
  20%
  30%
  40%
  50%
  60%
  70%
  80%
  90%
  100%
  Binary sorting into buckets time: 00:00:00
Splitting and merging
  Splitting and merging time: 00:00:00
Avg bucket size: 206273 (target: 309410)
Converting suffix-array elements to index image
Allocating ftab, absorbFtab
Entering Ebwt loop
Getting block 1 of 8
  Reserving size (309411) for bucket
  Calculating Z arrays
  Calculating Z arrays time: 00:00:00
  Entering block accumulator loop:
  10%
  20%
  30%
  40%
  50%
  60%
  70%
  80%
  90%
  100%
  Block accumulator loop time: 00:00:00
  Sorting block of length 305128
  (Using difference cover)
  Sorting block time: 00:00:00
Returning block of 305129
Getting block 2 of 8
  Reserving size (309411) for bucket
  Calculating Z arrays
  Calculating Z arrays time: 00:00:00
  Entering block accumulator loop:
  10%
  20%
  30%
  40%
  50%
  60%
  70%
  80%
  90%
  100%
  Block accumulator loop time: 00:00:00
  Sorting block of length 179713
  (Using difference cover)
  Sorting block time: 00:00:00
Returning block of 179714
Getting block 3 of 8
  Reserving size (309411) for bucket
  Calculating Z arrays
  Calculating Z arrays time: 00:00:00
  Entering block accumulator loop:
  10%
  20%
  30%
  40%
  50%
  60%
  70%
  80%
  90%
  100%
  Block accumulator loop time: 00:00:00
  Sorting block of length 195328
  (Using difference cover)
  Sorting block time: 00:00:01
Returning block of 195329
Getting block 4 of 8
  Reserving size (309411) for bucket
  Calculating Z arrays
  Calculating Z arrays time: 00:00:00
  Entering block accumulator loop:
  10%
  20%
  30%
  40%
  50%
  60%
  70%
  80%
  90%
  100%
  Block accumulator loop time: 00:00:00
  Sorting block of length 136671
  (Using difference cover)
  Sorting block time: 00:00:00
Returning block of 136672
Getting block 5 of 8
  Reserving size (309411) for bucket
  Calculating Z arrays
  Calculating Z arrays time: 00:00:00
  Entering block accumulator loop:
  10%
  20%
  30%
  40%
  50%
  60%
  70%
  80%
  90%
  100%
  Block accumulator loop time: 00:00:00
  Sorting block of length 261573
  (Using difference cover)
  Sorting block time: 00:00:00
Returning block of 261574
Getting block 6 of 8
  Reserving size (309411) for bucket
  Calculating Z arrays
  Calculating Z arrays time: 00:00:00
  Entering block accumulator loop:
  10%
  20%
  30%
  40%
  50%
  60%
  70%
  80%
  90%
  100%
  Block accumulator loop time: 00:00:00
  Sorting block of length 141607
  (Using difference cover)
  Sorting block time: 00:00:00
Returning block of 141608
Getting block 7 of 8
  Reserving size (309411) for bucket
  Calculating Z arrays
  Calculating Z arrays time: 00:00:00
  Entering block accumulator loop:
  10%
  20%
  30%
  40%
  50%
  60%
  70%
  80%
  90%
  100%
  Block accumulator loop time: 00:00:00
  Sorting block of length 237850
  (Using difference cover)
  Sorting block time: 00:00:00
Returning block of 237851
Getting block 8 of 8
  Reserving size (309411) for bucket
  Calculating Z arrays
  Calculating Z arrays time: 00:00:00
  Entering block accumulator loop:
  10%
  20%
  30%
  40%
  50%
  60%
  70%
  80%
  90%
  100%
  Block accumulator loop time: 00:00:00
  Sorting block of length 192312
  (Using difference cover)
  Sorting block time: 00:00:01
Returning block of 192313
Exited Ebwt loop
fchr[A]: 0
fchr[C]: 429237
fchr[G]: 827534
fchr[T]: 1262860
fchr[$]: 1650189
Exiting Ebwt::buildToDisk()
Returning from initFromVector
Wrote 4899790 bytes to primary EBWT file: ARGannot_r3.fasta.rev.1.bt2
Wrote 412552 bytes to secondary EBWT file: ARGannot_r3.fasta.rev.2.bt2
Re-opening _in1 and _in2 as input streams
Returning from Ebwt constructor
Headers:
    len: 1650189
    bwtLen: 1650190
    sz: 412548
    bwtSz: 412548
    lineRate: 6
    offRate: 4
    offMask: 0xfffffff0
    ftabChars: 10
    eftabLen: 20
    eftabSz: 80
    ftabLen: 1048577
    ftabSz: 4194308
    offsLen: 103137
    offsSz: 412548
    lineSz: 64
    sideSz: 64
    sideBwtSz: 48
    sideBwtLen: 192
    numSides: 8595
    numLines: 8595
    ebwtTotLen: 550080
    ebwtTotSz: 550080
    color: 0
    reverse: 1
Total time for backward call to driver() for mirror index: 00:00:03
02/14/2019 10:39:36 Processing database ARGannot_r3.fasta
02/14/2019 10:39:36 Running: samtools faidx ARGannot_r3.fasta
02/14/2019 10:39:36 Non-unique:478, Mcr5_Colistin
02/14/2019 10:39:36 Non-unique:478, Mcr5_Colistin
02/14/2019 10:39:36 Non-unique:479, Mcr6_Colistin
02/14/2019 10:39:36 Non-unique:480, Mcr7_Colistin
02/14/2019 10:39:36 Processing sample test1
02/14/2019 10:39:36 Starting mapping with bowtie2
02/14/2019 10:39:36 Output prefix set to: test1_srst2__test1.ARGannot_r3
02/14/2019 10:39:36 Aligning reads to index ARGannot_r3.fasta using bowtie2...
02/14/2019 10:39:36 Running: bowtie2 -U test1.fq -S test1_srst2__test1.ARGannot_r3.sam -q --very-sensitive-local --no-unal -a -x ARGannot_r3.fasta
10000 reads; of these:
  10000 (100.00%) were unpaired; of these:
    9987 (99.87%) aligned 0 times
    12 (0.12%) aligned exactly 1 time
    1 (0.01%) aligned >1 times
0.13% overall alignment rate
02/14/2019 10:39:37 Processing Bowtie2 output with SAMtools...
02/14/2019 10:39:37 Generate and sort BAM file...
02/14/2019 10:39:37 Running: samtools view -b -o test1_srst2__test1.ARGannot_r3.unsorted.bam -q 1 -S test1_srst2__test1.ARGannot_r3.sam.mod
[samopen] SAM header is present: 1856 sequences.
02/14/2019 10:39:37 Running: samtools sort test1_srst2__test1.ARGannot_r3.unsorted.bam test1_srst2__test1.ARGannot_r3.sorted
02/14/2019 10:39:37 Deleting sam and bam files that are not longer needed...
02/14/2019 10:39:37 Deleting test1_srst2__test1.ARGannot_r3.sam
02/14/2019 10:39:37 Deleting test1_srst2__test1.ARGannot_r3.sam.mod
02/14/2019 10:39:37 Deleting test1_srst2__test1.ARGannot_r3.unsorted.bam
02/14/2019 10:39:37 Generate pileup...
02/14/2019 10:39:37 Running: samtools mpileup -L 1000 -f ARGannot_r3.fasta -Q 20 -q 1 -B test1_srst2__test1.ARGannot_r3.sorted.bam
[mpileup] 1 samples in 1 input files
<mpileup> Set max per-file depth to 8000
02/14/2019 10:39:37  Processing SAMtools pileup...
02/14/2019 10:39:37  Scoring alleles...
02/14/2019 10:39:37  Finished processing for read set test1 ...
02/14/2019 10:39:37 Tabulating results for database ARGannot_r3.fasta ...
02/14/2019 10:39:37 Finished processing for database ARGannot_r3.fasta ...
02/14/2019 10:39:37 Gene detection output printed to test1_srst2__genes__ARGannot_r3__results.txt
02/14/2019 10:39:37 SRST2 has finished.
