02/12/2019 17:34:12 program started
02/12/2019 17:34:12 command line: /home/mushalali/bin/srst2 --input_se test4.fq --output test4_srst2 --gene_db ARGannot_r3.fasta
02/12/2019 17:34:12 Total single reads found:1
02/12/2019 17:34:12 Building bowtie2 index for ARGannot_r3.fasta...
02/12/2019 17:34:12 Running: bowtie2-build ARGannot_r3.fasta ARGannot_r3.fasta
02/12/2019 17:34:20 Processing database ARGannot_r3.fasta
02/12/2019 17:34:20 Running: samtools faidx ARGannot_r3.fasta
02/12/2019 17:34:20 Non-unique:478, Mcr5_Colistin
02/12/2019 17:34:20 Non-unique:478, Mcr5_Colistin
02/12/2019 17:34:20 Non-unique:479, Mcr6_Colistin
02/12/2019 17:34:20 Non-unique:480, Mcr7_Colistin
02/12/2019 17:34:20 Processing sample test4
02/12/2019 17:34:20 Starting mapping with bowtie2
02/12/2019 17:34:20 Output prefix set to: test4_srst2__test4.ARGannot_r3
02/12/2019 17:34:20 Aligning reads to index ARGannot_r3.fasta using bowtie2...
02/12/2019 17:34:20 Running: bowtie2 -U test4.fq -S test4_srst2__test4.ARGannot_r3.sam -q --very-sensitive-local --no-unal -a -x ARGannot_r3.fasta
10000 reads; of these:
  10000 (100.00%) were unpaired; of these:
    9987 (99.87%) aligned 0 times
    12 (0.12%) aligned exactly 1 time
    1 (0.01%) aligned >1 times
0.13% overall alignment rate
02/12/2019 17:34:21 Processing Bowtie2 output with SAMtools...
02/12/2019 17:34:21 Generate and sort BAM file...
02/12/2019 17:34:21 Running: samtools view -b -o test4_srst2__test4.ARGannot_r3.unsorted.bam -q 1 -S test4_srst2__test4.ARGannot_r3.sam.mod
[samopen] SAM header is present: 1856 sequences.
02/12/2019 17:34:21 Running: samtools sort test4_srst2__test4.ARGannot_r3.unsorted.bam test4_srst2__test4.ARGannot_r3.sorted
02/12/2019 17:34:21 Deleting sam and bam files that are not longer needed...
02/12/2019 17:34:21 Deleting test4_srst2__test4.ARGannot_r3.sam
02/12/2019 17:34:21 Deleting test4_srst2__test4.ARGannot_r3.sam.mod
02/12/2019 17:34:21 Deleting test4_srst2__test4.ARGannot_r3.unsorted.bam
02/12/2019 17:34:21 Generate pileup...
02/12/2019 17:34:21 Running: samtools mpileup -L 1000 -f ARGannot_r3.fasta -Q 20 -q 1 -B test4_srst2__test4.ARGannot_r3.sorted.bam
[mpileup] 1 samples in 1 input files
<mpileup> Set max per-file depth to 8000
02/12/2019 17:34:21  Processing SAMtools pileup...
02/12/2019 17:34:21  Scoring alleles...
02/12/2019 17:34:21  Finished processing for read set test4 ...
02/12/2019 17:34:21 Tabulating results for database ARGannot_r3.fasta ...
02/12/2019 17:34:21 Finished processing for database ARGannot_r3.fasta ...
02/12/2019 17:34:21 Gene detection output printed to test4_srst2__genes__ARGannot_r3__results.txt
02/12/2019 17:34:21 SRST2 has finished.
