Feb-12 13:21:44.965 [main] DEBUG nextflow.cli.Launcher - $> /opt/exp_soft/bioinf/bin/nextflow run classification_srst2.nt -resume -profile wits
Feb-12 13:21:45.097 [main] INFO  nextflow.cli.CmdRun - N E X T F L O W  ~  version 18.10.1
Feb-12 13:21:45.113 [main] INFO  nextflow.cli.CmdRun - Launching `classification_srst2.nt` [hopeful_mercator] - revision: 994d56962d
Feb-12 13:21:45.169 [main] WARN  nextflow.config.ConfigBuilder - It appears you have never run this project before -- Option `-resume` is ignored
Feb-12 13:21:45.214 [main] DEBUG nextflow.Session - Session uuid: 86415343-f98c-4f90-8f29-3b37ee4ada16
Feb-12 13:21:45.214 [main] DEBUG nextflow.Session - Run name: hopeful_mercator
Feb-12 13:21:45.217 [main] DEBUG nextflow.Session - Executor pool size: 2
Feb-12 13:21:45.230 [main] DEBUG nextflow.cli.CmdRun - 
  Version: 18.10.1 build 5003
  Modified: 24-10-2018 14:03 UTC (10:03 EDT)
  System: Linux 3.10.0-957.1.3.el7.x86_64
  Runtime: Groovy 2.5.3 on OpenJDK 64-Bit Server VM 1.8.0_191-b12
  Encoding: UTF-8 (UTF-8)
  Process: 427300@n39.core.wits.ac.za [146.141.240.139]
  CPUs: 2 - Mem: 125.3 GB (94.9 GB) - Swap: 4 GB (3.6 GB)
Feb-12 13:21:45.362 [main] DEBUG nextflow.file.FileHelper - Can't check if specified path is NFS (139): /home/mushalali/h3ameta/straincomp/work

Feb-12 13:21:45.363 [main] DEBUG nextflow.Session - Work-dir: /home/mushalali/h3ameta/straincomp/work [null]
Feb-12 13:21:45.363 [main] DEBUG nextflow.Session - Script base path does not exist or is not a directory: /home/mushalali/h3ameta/straincomp/bin
Feb-12 13:21:45.512 [main] DEBUG nextflow.Session - Session start invoked
Feb-12 13:21:45.519 [main] DEBUG nextflow.processor.TaskDispatcher - Dispatcher > start
Feb-12 13:21:45.519 [main] DEBUG nextflow.script.ScriptRunner - > Script parsing
Feb-12 13:21:46.771 [main] DEBUG nextflow.script.ScriptRunner - > Launching execution
Feb-12 13:21:46.949 [main] DEBUG nextflow.processor.ProcessFactory - << taskConfig executor: null
Feb-12 13:21:46.950 [main] DEBUG nextflow.processor.ProcessFactory - >> processorType: 'local'
Feb-12 13:21:46.958 [main] DEBUG nextflow.executor.Executor - Initializing executor: local
Feb-12 13:21:46.961 [main] INFO  nextflow.executor.Executor - [warm up] executor > local
Feb-12 13:21:46.966 [main] DEBUG n.processor.LocalPollingMonitor - Creating local task monitor for executor 'local' > cpus=2; memory=125.3 GB; capacity=2; pollInterval=100ms; dumpInterval=5m
Feb-12 13:21:46.971 [main] DEBUG nextflow.processor.TaskDispatcher - Starting monitor: LocalPollingMonitor
Feb-12 13:21:46.972 [main] DEBUG n.processor.TaskPollingMonitor - >>> barrier register (monitor: local)
Feb-12 13:21:46.975 [main] DEBUG nextflow.executor.Executor - Invoke register for executor: local
Feb-12 13:21:47.063 [main] DEBUG nextflow.Session - >>> barrier register (process: kraken)
Feb-12 13:21:47.069 [main] DEBUG nextflow.processor.TaskProcessor - Creating operator > kraken -- maxForks: 2
Feb-12 13:21:47.134 [main] DEBUG nextflow.processor.ProcessFactory - << taskConfig executor: null
Feb-12 13:21:47.134 [main] DEBUG nextflow.processor.ProcessFactory - >> processorType: 'local'
Feb-12 13:21:47.134 [main] DEBUG nextflow.executor.Executor - Initializing executor: local
Feb-12 13:21:47.136 [main] DEBUG nextflow.Session - >>> barrier register (process: bracken)
Feb-12 13:21:47.136 [main] DEBUG nextflow.processor.TaskProcessor - Creating operator > bracken -- maxForks: 2
Feb-12 13:21:47.227 [main] DEBUG nextflow.processor.ProcessFactory - << taskConfig executor: null
Feb-12 13:21:47.227 [main] DEBUG nextflow.processor.ProcessFactory - >> processorType: 'local'
Feb-12 13:21:47.227 [main] DEBUG nextflow.executor.Executor - Initializing executor: local
Feb-12 13:21:47.228 [main] DEBUG nextflow.Session - >>> barrier register (process: collect_results)
Feb-12 13:21:47.229 [main] DEBUG nextflow.processor.TaskProcessor - Creating operator > collect_results -- maxForks: 2
Feb-12 13:21:47.231 [main] DEBUG nextflow.processor.ProcessFactory - << taskConfig executor: null
Feb-12 13:21:47.232 [main] DEBUG nextflow.processor.ProcessFactory - >> processorType: 'local'
Feb-12 13:21:47.232 [main] DEBUG nextflow.executor.Executor - Initializing executor: local
Feb-12 13:21:47.233 [main] DEBUG nextflow.Session - >>> barrier register (process: barplot)
Feb-12 13:21:47.233 [main] DEBUG nextflow.processor.TaskProcessor - Creating operator > barplot -- maxForks: 2
Feb-12 13:21:47.246 [main] DEBUG nextflow.processor.ProcessFactory - << taskConfig executor: null
Feb-12 13:21:47.246 [main] DEBUG nextflow.processor.ProcessFactory - >> processorType: 'local'
Feb-12 13:21:47.246 [main] DEBUG nextflow.executor.Executor - Initializing executor: local
Feb-12 13:21:47.246 [main] DEBUG nextflow.Session - >>> barrier register (process: krona)
Feb-12 13:21:47.247 [main] DEBUG nextflow.processor.TaskProcessor - Creating operator > krona -- maxForks: 2
Feb-12 13:21:47.253 [main] DEBUG nextflow.processor.ProcessFactory - << taskConfig executor: null
Feb-12 13:21:47.253 [main] DEBUG nextflow.processor.ProcessFactory - >> processorType: 'local'
Feb-12 13:21:47.253 [main] DEBUG nextflow.executor.Executor - Initializing executor: local
Feb-12 13:21:47.254 [main] DEBUG nextflow.Session - >>> barrier register (process: srst2)
Feb-12 13:21:47.254 [main] DEBUG nextflow.processor.TaskProcessor - Creating operator > srst2 -- maxForks: 2
Feb-12 13:21:47.256 [main] DEBUG nextflow.script.ScriptRunner - > Await termination 
Feb-12 13:21:47.256 [main] DEBUG nextflow.Session - Session await
Feb-12 13:21:47.376 [Task submitter] DEBUG nextflow.executor.LocalTaskHandler - Launch cmd line: /bin/bash -ue .command.run
Feb-12 13:21:47.385 [Task submitter] INFO  nextflow.Session - [1d/db1e17] Submitted process > srst2 (2)
Feb-12 13:21:47.418 [Task submitter] DEBUG nextflow.executor.LocalTaskHandler - Launch cmd line: /bin/bash -ue .command.run
Feb-12 13:21:47.419 [Task submitter] INFO  nextflow.Session - [c2/782943] Submitted process > srst2 (1)
Feb-12 13:21:58.245 [Task monitor] DEBUG n.processor.TaskPollingMonitor - Task completed > TaskHandler[id: 3; name: srst2 (1); status: COMPLETED; exit: 0; error: -; workDir: /home/mushalali/h3ameta/straincomp/work/c2/782943ba3c7b3252cf71f1af7605ae]
Feb-12 13:21:58.252 [Task submitter] DEBUG nextflow.executor.LocalTaskHandler - Launch cmd line: /bin/bash -ue .command.run
Feb-12 13:21:58.252 [Task submitter] INFO  nextflow.Session - [88/0fe4f7] Submitted process > srst2 (4)
Feb-12 13:21:58.334 [Task monitor] DEBUG n.processor.TaskPollingMonitor - Task completed > TaskHandler[id: 4; name: srst2 (2); status: COMPLETED; exit: 0; error: -; workDir: /home/mushalali/h3ameta/straincomp/work/1d/db1e1793af30cab6769815fb10d6e6]
Feb-12 13:21:58.344 [Task submitter] DEBUG nextflow.executor.LocalTaskHandler - Launch cmd line: /bin/bash -ue .command.run
Feb-12 13:21:58.355 [Task submitter] INFO  nextflow.Session - [45/b03b54] Submitted process > srst2 (3)
Feb-12 13:22:08.543 [Task monitor] DEBUG n.processor.TaskPollingMonitor - Task completed > TaskHandler[id: 8; name: srst2 (4); status: COMPLETED; exit: 0; error: -; workDir: /home/mushalali/h3ameta/straincomp/work/88/0fe4f7f6c5aa9286e46b36ccf5de11]
Feb-12 13:22:08.631 [Task monitor] DEBUG n.processor.TaskPollingMonitor - Task completed > TaskHandler[id: 7; name: srst2 (3); status: COMPLETED; exit: 0; error: -; workDir: /home/mushalali/h3ameta/straincomp/work/45/b03b540522ab3feeb030deb90b060c]
Feb-12 13:22:08.640 [Actor Thread 2] DEBUG nextflow.Session - <<< barrier arrive (process: srst2)
Feb-12 13:22:08.649 [Task submitter] DEBUG nextflow.executor.LocalTaskHandler - Launch cmd line: /bin/bash -ue .command.run
Feb-12 13:22:08.650 [Task submitter] INFO  nextflow.Session - [99/c18c97] Submitted process > kraken (2)
Feb-12 13:22:08.973 [Task monitor] DEBUG n.processor.TaskPollingMonitor - Task completed > TaskHandler[id: 2; name: kraken (2); status: COMPLETED; exit: 0; error: -; workDir: /home/mushalali/h3ameta/straincomp/work/99/c18c97f2933919a0e87219f6e72190]
Feb-12 13:22:08.994 [Task submitter] DEBUG nextflow.executor.LocalTaskHandler - Launch cmd line: /bin/bash -ue .command.run
Feb-12 13:22:08.994 [Task submitter] INFO  nextflow.Session - [49/5e1647] Submitted process > kraken (1)
Feb-12 13:22:09.373 [Task monitor] DEBUG n.processor.TaskPollingMonitor - Task completed > TaskHandler[id: 1; name: kraken (1); status: COMPLETED; exit: 0; error: -; workDir: /home/mushalali/h3ameta/straincomp/work/49/5e164751a3c2c03c9c01576596466f]
Feb-12 13:22:09.395 [Task submitter] DEBUG nextflow.executor.LocalTaskHandler - Launch cmd line: /bin/bash -ue .command.run
Feb-12 13:22:09.396 [Task submitter] INFO  nextflow.Session - [75/44c348] Submitted process > kraken (4)
Feb-12 13:22:09.703 [Task monitor] DEBUG n.processor.TaskPollingMonitor - Task completed > TaskHandler[id: 6; name: kraken (4); status: COMPLETED; exit: 0; error: -; workDir: /home/mushalali/h3ameta/straincomp/work/75/44c348f4668f94f4318460060900d1]
Feb-12 13:22:09.725 [Task submitter] DEBUG nextflow.executor.LocalTaskHandler - Launch cmd line: /bin/bash -ue .command.run
Feb-12 13:22:09.725 [Task submitter] INFO  nextflow.Session - [5b/3d6db0] Submitted process > kraken (3)
Feb-12 13:22:09.957 [Task monitor] DEBUG n.processor.TaskPollingMonitor - Task completed > TaskHandler[id: 5; name: kraken (3); status: COMPLETED; exit: 0; error: -; workDir: /home/mushalali/h3ameta/straincomp/work/5b/3d6db046ec04d613316c5090f32a79]
Feb-12 13:22:09.962 [Actor Thread 10] DEBUG nextflow.Session - <<< barrier arrive (process: kraken)
Feb-12 13:22:09.985 [Task submitter] DEBUG nextflow.executor.LocalTaskHandler - Launch cmd line: /bin/bash -ue .command.run
Feb-12 13:22:09.985 [Task submitter] INFO  nextflow.Session - [8c/eee6b6] Submitted process > bracken (1)
Feb-12 13:22:10.004 [Task submitter] DEBUG nextflow.executor.LocalTaskHandler - Launch cmd line: /bin/bash -ue .command.run
Feb-12 13:22:10.005 [Task submitter] INFO  nextflow.Session - [cd/6ee6bd] Submitted process > bracken (2)
Feb-12 13:22:10.376 [Task monitor] DEBUG n.processor.TaskPollingMonitor - Task completed > TaskHandler[id: 9; name: bracken (1); status: COMPLETED; exit: 0; error: -; workDir: /home/mushalali/h3ameta/straincomp/work/8c/eee6b62a3ce2842ecab3924fc630e7]
Feb-12 13:22:10.404 [Task monitor] DEBUG n.processor.TaskPollingMonitor - Task completed > TaskHandler[id: 10; name: bracken (2); status: COMPLETED; exit: 0; error: -; workDir: /home/mushalali/h3ameta/straincomp/work/cd/6ee6bd0105be485caf678c5e14bfe1]
Feb-12 13:22:10.405 [Task submitter] DEBUG nextflow.executor.LocalTaskHandler - Launch cmd line: /bin/bash -ue .command.run
Feb-12 13:22:10.405 [Task submitter] INFO  nextflow.Session - [f1/8dc898] Submitted process > bracken (3)
Feb-12 13:22:10.444 [Task submitter] DEBUG nextflow.executor.LocalTaskHandler - Launch cmd line: /bin/bash -ue .command.run
Feb-12 13:22:10.445 [Task submitter] INFO  nextflow.Session - [2b/876905] Submitted process > bracken (4)
Feb-12 13:22:10.793 [Task monitor] DEBUG n.processor.TaskPollingMonitor - Task completed > TaskHandler[id: 11; name: bracken (3); status: COMPLETED; exit: 0; error: -; workDir: /home/mushalali/h3ameta/straincomp/work/f1/8dc898626b684c1bdefeaea20843fb]
Feb-12 13:22:10.814 [Task submitter] DEBUG nextflow.executor.LocalTaskHandler - Launch cmd line: /bin/bash -ue .command.run
Feb-12 13:22:10.815 [Task submitter] INFO  nextflow.Session - [e0/f9327b] Submitted process > krona (1)
Feb-12 13:22:11.038 [Task monitor] DEBUG n.processor.TaskPollingMonitor - Task completed > TaskHandler[id: 12; name: bracken (4); status: COMPLETED; exit: 0; error: -; workDir: /home/mushalali/h3ameta/straincomp/work/2b/87690576fd24dee0dc0959cf0b7ddb]
Feb-12 13:22:11.068 [Actor Thread 10] DEBUG nextflow.Session - <<< barrier arrive (process: bracken)
Feb-12 13:22:11.069 [Task submitter] DEBUG nextflow.executor.LocalTaskHandler - Launch cmd line: /bin/bash -ue .command.run
Feb-12 13:22:11.069 [Task submitter] INFO  nextflow.Session - [64/e70b96] Submitted process > krona (2)
Feb-12 13:22:17.946 [Task monitor] DEBUG n.processor.TaskPollingMonitor - Task completed > TaskHandler[id: 13; name: krona (1); status: COMPLETED; exit: 0; error: -; workDir: /home/mushalali/h3ameta/straincomp/work/e0/f9327bf8a079ae5e35317fe6009319]
Feb-12 13:22:17.965 [Task submitter] DEBUG nextflow.executor.LocalTaskHandler - Launch cmd line: /bin/bash -ue .command.run
Feb-12 13:22:17.965 [Task submitter] INFO  nextflow.Session - [46/547a9f] Submitted process > krona (3)
Feb-12 13:22:18.373 [Task monitor] DEBUG n.processor.TaskPollingMonitor - Task completed > TaskHandler[id: 14; name: krona (2); status: COMPLETED; exit: 0; error: -; workDir: /home/mushalali/h3ameta/straincomp/work/64/e70b9676e9b7ae8fdb013c988948df]
Feb-12 13:22:18.419 [Task submitter] DEBUG nextflow.executor.LocalTaskHandler - Launch cmd line: /bin/bash -ue .command.run
Feb-12 13:22:18.419 [Task submitter] INFO  nextflow.Session - [e9/c1f105] Submitted process > krona (4)
Feb-12 13:22:25.081 [Task monitor] DEBUG n.processor.TaskPollingMonitor - Task completed > TaskHandler[id: 15; name: krona (3); status: COMPLETED; exit: 0; error: -; workDir: /home/mushalali/h3ameta/straincomp/work/46/547a9f461816c9f5807fdd11fa3db2]
Feb-12 13:22:25.099 [Task submitter] DEBUG nextflow.executor.LocalTaskHandler - Launch cmd line: /bin/bash -ue .command.run
Feb-12 13:22:25.100 [Task submitter] INFO  nextflow.Session - [ff/795602] Submitted process > collect_results
Feb-12 13:22:25.202 [Task monitor] DEBUG n.processor.TaskPollingMonitor - Task completed > TaskHandler[id: 17; name: collect_results; status: COMPLETED; exit: 0; error: -; workDir: /home/mushalali/h3ameta/straincomp/work/ff/795602470b38818b1a31a55c436d8c]
Feb-12 13:22:25.227 [Actor Thread 14] DEBUG nextflow.Session - <<< barrier arrive (process: collect_results)
Feb-12 13:22:25.263 [Task submitter] DEBUG nextflow.executor.LocalTaskHandler - Launch cmd line: /bin/bash -ue .command.run
Feb-12 13:22:25.263 [Task submitter] INFO  nextflow.Session - [a3/c46111] Submitted process > barplot
Feb-12 13:22:25.511 [Task monitor] DEBUG n.processor.TaskPollingMonitor - Task completed > TaskHandler[id: 16; name: krona (4); status: COMPLETED; exit: 0; error: -; workDir: /home/mushalali/h3ameta/straincomp/work/e9/c1f1055161b647e84dca21ac2143c1]
Feb-12 13:22:25.524 [Actor Thread 14] DEBUG nextflow.Session - <<< barrier arrive (process: krona)
Feb-12 13:22:27.028 [Task monitor] DEBUG n.processor.TaskPollingMonitor - Task completed > TaskHandler[id: 18; name: barplot; status: COMPLETED; exit: 0; error: -; workDir: /home/mushalali/h3ameta/straincomp/work/a3/c46111598ace00518282bea492f2c0]
Feb-12 13:22:27.030 [Actor Thread 14] DEBUG nextflow.Session - <<< barrier arrive (process: barplot)
Feb-12 13:22:27.030 [main] DEBUG nextflow.Session - Session await > all process finished
Feb-12 13:22:27.031 [Task monitor] DEBUG n.processor.TaskPollingMonitor - <<< barrier arrives (monitor: local)
Feb-12 13:22:27.031 [main] DEBUG nextflow.Session - Session await > all barriers passed
Feb-12 13:22:27.039 [main] DEBUG nextflow.trace.StatsObserver - Workflow completed > WorkflowStats[succeedCount=18; failedCount=0; ignoredCount=0; cachedCount=0; succeedDuration=1m 15s; failedDuration=0ms; cachedDuration=0ms]
Feb-12 13:22:27.053 [main] DEBUG nextflow.CacheDB - Closing CacheDB done
Feb-12 13:22:27.090 [main] DEBUG nextflow.script.ScriptRunner - > Execution complete -- Goodbye
