Feb-14 17:51:44.079 [main] DEBUG nextflow.cli.Launcher - $> /opt/exp_soft/bioinf/bin/nextflow -log nextflow.log run -c straincomp.config classification_srst2.nt -profile wits -resume -with-dag classification_srst2.flowchart.png
Feb-14 17:51:44.290 [main] INFO  nextflow.cli.CmdRun - N E X T F L O W  ~  version 18.10.1
Feb-14 17:51:44.311 [main] INFO  nextflow.cli.CmdRun - Launching `classification_srst2.nt` [fervent_curran] - revision: ea5e23561a
Feb-14 17:51:44.338 [main] DEBUG nextflow.config.ConfigBuilder - User config file: /home/mushalali/h3ameta/straincomp/straincomp.config
Feb-14 17:51:44.338 [main] DEBUG nextflow.config.ConfigBuilder - Parsing config file: /home/mushalali/h3ameta/straincomp/straincomp.config
Feb-14 17:51:44.373 [main] DEBUG nextflow.config.ConfigBuilder - Applying config profile: `wits`
Feb-14 17:51:44.973 [main] DEBUG nextflow.config.ConfigBuilder - Available config profiles: [standard, wits]
Feb-14 17:51:45.042 [main] DEBUG nextflow.Session - Session uuid: 234dd9b4-a76e-42c0-8f7b-88007d4e3198
Feb-14 17:51:45.042 [main] DEBUG nextflow.Session - Run name: fervent_curran
Feb-14 17:51:45.044 [main] DEBUG nextflow.Session - Executor pool size: 8
Feb-14 17:51:45.065 [main] DEBUG nextflow.cli.CmdRun - 
  Version: 18.10.1 build 5003
  Modified: 24-10-2018 14:03 UTC (16:03 SAST)
  System: Linux 3.10.0-957.1.3.el7.x86_64
  Runtime: Groovy 2.5.3 on OpenJDK 64-Bit Server VM 1.8.0_191-b12
  Encoding: UTF-8 (UTF-8)
  Process: 5098@cream-ce.core.wits.ac.za [146.141.240.90]
  CPUs: 8 - Mem: 15.5 GB (169.2 MB) - Swap: 7.9 GB (7.7 GB)
Feb-14 17:51:45.172 [main] DEBUG nextflow.file.FileHelper - Can't check if specified path is NFS (139): /home/mushalali/h3ameta/straincomp/work

Feb-14 17:51:45.173 [main] DEBUG nextflow.Session - Work-dir: /home/mushalali/h3ameta/straincomp/work [null]
Feb-14 17:51:45.174 [main] DEBUG nextflow.Session - Script base path does not exist or is not a directory: /home/mushalali/h3ameta/straincomp/bin
Feb-14 17:51:45.639 [main] DEBUG nextflow.Session - Session start invoked
Feb-14 17:51:45.645 [main] DEBUG nextflow.processor.TaskDispatcher - Dispatcher > start
Feb-14 17:51:45.646 [main] DEBUG nextflow.script.ScriptRunner - > Script parsing
Feb-14 17:51:46.192 [main] DEBUG nextflow.script.ScriptRunner - > Launching execution
Feb-14 17:51:46.648 [main] DEBUG nextflow.processor.ProcessFactory - << taskConfig executor: slurm
Feb-14 17:51:46.648 [main] DEBUG nextflow.processor.ProcessFactory - >> processorType: 'slurm'
Feb-14 17:51:46.666 [main] DEBUG nextflow.executor.Executor - Initializing executor: slurm
Feb-14 17:51:46.669 [main] INFO  nextflow.executor.Executor - [warm up] executor > slurm
Feb-14 17:51:46.679 [main] DEBUG n.processor.TaskPollingMonitor - Creating task monitor for executor 'slurm' > capacity: 100; pollInterval: 5s; dumpInterval: 5m 
Feb-14 17:51:46.683 [main] DEBUG nextflow.processor.TaskDispatcher - Starting monitor: TaskPollingMonitor
Feb-14 17:51:46.684 [main] DEBUG n.processor.TaskPollingMonitor - >>> barrier register (monitor: slurm)
Feb-14 17:51:46.687 [main] DEBUG nextflow.executor.Executor - Invoke register for executor: slurm
Feb-14 17:51:46.688 [main] DEBUG n.executor.AbstractGridExecutor - Creating executor 'slurm' > queue-stat-interval: 1m
Feb-14 17:51:46.772 [main] DEBUG nextflow.Session - >>> barrier register (process: kraken)
Feb-14 17:51:46.780 [main] DEBUG nextflow.processor.TaskProcessor - Creating operator > kraken -- maxForks: 8
Feb-14 17:51:46.851 [main] DEBUG nextflow.processor.ProcessFactory - << taskConfig executor: slurm
Feb-14 17:51:46.851 [main] DEBUG nextflow.processor.ProcessFactory - >> processorType: 'slurm'
Feb-14 17:51:46.851 [main] DEBUG nextflow.executor.Executor - Initializing executor: slurm
Feb-14 17:51:46.852 [main] DEBUG n.executor.AbstractGridExecutor - Creating executor 'slurm' > queue-stat-interval: 1m
Feb-14 17:51:46.853 [main] DEBUG nextflow.Session - >>> barrier register (process: bracken)
Feb-14 17:51:46.854 [main] DEBUG nextflow.processor.TaskProcessor - Creating operator > bracken -- maxForks: 8
Feb-14 17:51:46.927 [main] DEBUG nextflow.processor.ProcessFactory - << taskConfig executor: slurm
Feb-14 17:51:46.927 [main] DEBUG nextflow.processor.ProcessFactory - >> processorType: 'slurm'
Feb-14 17:51:46.928 [main] DEBUG nextflow.executor.Executor - Initializing executor: slurm
Feb-14 17:51:46.929 [main] DEBUG n.executor.AbstractGridExecutor - Creating executor 'slurm' > queue-stat-interval: 1m
Feb-14 17:51:46.931 [main] DEBUG nextflow.Session - >>> barrier register (process: collect_results)
Feb-14 17:51:46.932 [main] DEBUG nextflow.processor.TaskProcessor - Creating operator > collect_results -- maxForks: 8
Feb-14 17:51:46.941 [main] DEBUG nextflow.processor.ProcessFactory - << taskConfig executor: slurm
Feb-14 17:51:46.941 [main] DEBUG nextflow.processor.ProcessFactory - >> processorType: 'slurm'
Feb-14 17:51:46.941 [main] DEBUG nextflow.executor.Executor - Initializing executor: slurm
Feb-14 17:51:46.941 [main] DEBUG n.executor.AbstractGridExecutor - Creating executor 'slurm' > queue-stat-interval: 1m
Feb-14 17:51:46.943 [main] DEBUG nextflow.Session - >>> barrier register (process: barplot)
Feb-14 17:51:46.943 [main] DEBUG nextflow.processor.TaskProcessor - Creating operator > barplot -- maxForks: 8
Feb-14 17:51:46.952 [main] DEBUG nextflow.processor.ProcessFactory - << taskConfig executor: slurm
Feb-14 17:51:46.952 [main] DEBUG nextflow.processor.ProcessFactory - >> processorType: 'slurm'
Feb-14 17:51:46.952 [main] DEBUG nextflow.executor.Executor - Initializing executor: slurm
Feb-14 17:51:46.953 [main] DEBUG n.executor.AbstractGridExecutor - Creating executor 'slurm' > queue-stat-interval: 1m
Feb-14 17:51:46.953 [main] DEBUG nextflow.Session - >>> barrier register (process: krona)
Feb-14 17:51:46.954 [main] DEBUG nextflow.processor.TaskProcessor - Creating operator > krona -- maxForks: 8
Feb-14 17:51:46.967 [main] DEBUG nextflow.processor.ProcessFactory - << taskConfig executor: slurm
Feb-14 17:51:46.968 [main] DEBUG nextflow.processor.ProcessFactory - >> processorType: 'slurm'
Feb-14 17:51:46.968 [main] DEBUG nextflow.executor.Executor - Initializing executor: slurm
Feb-14 17:51:46.969 [main] DEBUG n.executor.AbstractGridExecutor - Creating executor 'slurm' > queue-stat-interval: 1m
Feb-14 17:51:46.971 [main] DEBUG nextflow.Session - >>> barrier register (process: srst2_ResFinder)
Feb-14 17:51:46.972 [main] DEBUG nextflow.processor.TaskProcessor - Creating operator > srst2_ResFinder -- maxForks: 8
Feb-14 17:51:46.984 [main] DEBUG nextflow.processor.ProcessFactory - << taskConfig executor: slurm
Feb-14 17:51:46.984 [main] DEBUG nextflow.processor.ProcessFactory - >> processorType: 'slurm'
Feb-14 17:51:46.984 [main] DEBUG nextflow.executor.Executor - Initializing executor: slurm
Feb-14 17:51:46.985 [main] DEBUG n.executor.AbstractGridExecutor - Creating executor 'slurm' > queue-stat-interval: 1m
Feb-14 17:51:46.987 [main] DEBUG nextflow.Session - >>> barrier register (process: srst2_ARGannot)
Feb-14 17:51:46.988 [main] DEBUG nextflow.processor.TaskProcessor - Creating operator > srst2_ARGannot -- maxForks: 8
Feb-14 17:51:46.995 [main] DEBUG nextflow.script.ScriptRunner - > Await termination 
Feb-14 17:51:46.995 [main] DEBUG nextflow.Session - Session await
Feb-14 17:51:47.013 [Actor Thread 2] DEBUG nextflow.util.CacheHelper - Unable to get file attributes file: /local/kraken/mini8GB -- Cause: java.nio.file.NoSuchFileException: /local/kraken/mini8GB
Feb-14 17:51:47.008 [Actor Thread 4] DEBUG nextflow.util.CacheHelper - Unable to get file attributes file: /local/kraken/mini8GB -- Cause: java.nio.file.NoSuchFileException: /local/kraken/mini8GB
Feb-14 17:51:47.017 [Actor Thread 5] DEBUG nextflow.util.CacheHelper - Unable to get file attributes file: /local/kraken/mini8GB -- Cause: java.nio.file.NoSuchFileException: /local/kraken/mini8GB
Feb-14 17:51:47.018 [Actor Thread 6] DEBUG nextflow.util.CacheHelper - Unable to get file attributes file: /local/kraken/mini8GB -- Cause: java.nio.file.NoSuchFileException: /local/kraken/mini8GB
Feb-14 17:51:47.200 [Actor Thread 14] INFO  nextflow.processor.TaskProcessor - [83/8e664a] Cached process > srst2_ARGannot (2)
Feb-14 17:51:47.201 [Actor Thread 6] INFO  nextflow.processor.TaskProcessor - [21/fc47cc] Cached process > kraken (3)
Feb-14 17:51:47.201 [Actor Thread 8] INFO  nextflow.processor.TaskProcessor - [35/5dc793] Cached process > srst2_ResFinder (1)
Feb-14 17:51:47.201 [Actor Thread 9] INFO  nextflow.processor.TaskProcessor - [e9/8f5dc6] Cached process > srst2_ResFinder (2)
Feb-14 17:51:47.201 [Actor Thread 2] INFO  nextflow.processor.TaskProcessor - [e4/a6159c] Cached process > kraken (1)
Feb-14 17:51:47.202 [Actor Thread 5] INFO  nextflow.processor.TaskProcessor - [7c/8bc4c4] Cached process > kraken (4)
Feb-14 17:51:47.202 [Actor Thread 15] INFO  nextflow.processor.TaskProcessor - [f7/9a96e8] Cached process > srst2_ARGannot (3)
Feb-14 17:51:47.202 [Actor Thread 16] INFO  nextflow.processor.TaskProcessor - [ab/ed42c5] Cached process > srst2_ARGannot (4)
Feb-14 17:51:47.203 [Actor Thread 11] INFO  nextflow.processor.TaskProcessor - [2a/27b4a8] Cached process > srst2_ResFinder (4)
Feb-14 17:51:47.203 [Actor Thread 4] INFO  nextflow.processor.TaskProcessor - [3e/094f2c] Cached process > kraken (2)
Feb-14 17:51:47.203 [Actor Thread 13] INFO  nextflow.processor.TaskProcessor - [91/251ac1] Cached process > srst2_ARGannot (1)
Feb-14 17:51:47.203 [Actor Thread 10] INFO  nextflow.processor.TaskProcessor - [a8/195897] Cached process > srst2_ResFinder (3)
Feb-14 17:51:47.243 [Actor Thread 19] DEBUG nextflow.Session - <<< barrier arrive (process: kraken)
Feb-14 17:51:47.255 [Actor Thread 18] DEBUG nextflow.Session - <<< barrier arrive (process: srst2_ARGannot)
Feb-14 17:51:47.263 [Actor Thread 3] DEBUG nextflow.Session - <<< barrier arrive (process: srst2_ResFinder)
Feb-14 17:51:47.295 [Actor Thread 5] INFO  nextflow.processor.TaskProcessor - [8d/dc0929] Cached process > bracken (1)
Feb-14 17:51:47.303 [Actor Thread 20] INFO  nextflow.processor.TaskProcessor - [37/5d50af] Cached process > bracken (3)
Feb-14 17:51:47.305 [Actor Thread 6] INFO  nextflow.processor.TaskProcessor - [9a/25510f] Cached process > bracken (2)
Feb-14 17:51:47.309 [Actor Thread 21] INFO  nextflow.processor.TaskProcessor - [7a/266d4f] Cached process > bracken (4)
Feb-14 17:51:47.312 [Actor Thread 5] INFO  nextflow.processor.TaskProcessor - [62/8b3309] Cached process > krona (1)
Feb-14 17:51:47.315 [Actor Thread 3] DEBUG nextflow.Session - <<< barrier arrive (process: bracken)
Feb-14 17:51:47.322 [Actor Thread 6] INFO  nextflow.processor.TaskProcessor - [46/0fbd81] Cached process > krona (3)
Feb-14 17:51:47.324 [Actor Thread 7] INFO  nextflow.processor.TaskProcessor - [23/8e1296] Cached process > krona (2)
Feb-14 17:51:47.326 [Actor Thread 20] INFO  nextflow.processor.TaskProcessor - [fb/c75500] Cached process > krona (4)
Feb-14 17:51:47.335 [Actor Thread 3] DEBUG nextflow.Session - <<< barrier arrive (process: krona)
Feb-14 17:51:47.355 [Actor Thread 12] INFO  nextflow.processor.TaskProcessor - [aa/c0b690] Cached process > collect_results
Feb-14 17:51:47.359 [Actor Thread 3] DEBUG nextflow.Session - <<< barrier arrive (process: collect_results)
Feb-14 17:51:47.367 [Actor Thread 20] INFO  nextflow.processor.TaskProcessor - [fa/b187fc] Cached process > barplot
Feb-14 17:51:47.369 [Actor Thread 18] DEBUG nextflow.Session - <<< barrier arrive (process: barplot)
Feb-14 17:51:47.369 [main] DEBUG nextflow.Session - Session await > all process finished
Feb-14 17:51:51.698 [Task monitor] DEBUG n.processor.TaskPollingMonitor - <<< barrier arrives (monitor: slurm)
Feb-14 17:51:51.722 [main] DEBUG nextflow.Session - Session await > all barriers passed
Feb-14 17:51:51.735 [main] DEBUG nextflow.trace.StatsObserver - Workflow completed > WorkflowStats[succeedCount=0; failedCount=0; ignoredCount=0; cachedCount=22; succeedDuration=0ms; failedDuration=0ms; cachedDuration=6m]
Feb-14 17:51:52.340 [main] DEBUG nextflow.CacheDB - Closing CacheDB done
Feb-14 17:51:52.372 [main] DEBUG nextflow.script.ScriptRunner - > Execution complete -- Goodbye
