[2019-03-12 21:07:29,130] multiqc                                            [DEBUG  ]  No MultiQC config found: /opt/exp_soft/python36/lib/python3.6/site-packages/multiqc_config.yaml
[2019-03-12 21:07:29,131] multiqc                                            [DEBUG  ]  No MultiQC config found: /home/abdulrahman/.multiqc_config.yaml
[2019-03-12 21:07:29,132] multiqc                                            [DEBUG  ]  No MultiQC config found: multiqc_config.yaml
[2019-03-12 21:07:29,132] multiqc                                            [DEBUG  ]  Command used: /opt/exp_soft/python36/bin/multiqc sample2_1.fq_fastqc.zip sample2_1.fq_fastqc.html sample1_2.fq_fastqc.zip sample1_2.fq_fastqc.html sample1_1.fq_fastqc.zip sample1_1.fq_fastqc.html sample2_2.fq_fastqc.zip sample2_2.fq_fastqc.html -o results
[2019-03-12 21:07:30,633] multiqc                                            [DEBUG  ]  Latest MultiQC version is v1.7
[2019-03-12 21:07:30,634] multiqc                                            [INFO   ]  This is MultiQC v1.7
[2019-03-12 21:07:30,634] multiqc                                            [DEBUG  ]  Command     : /opt/exp_soft/python36/bin/multiqc sample2_1.fq_fastqc.zip sample2_1.fq_fastqc.html sample1_2.fq_fastqc.zip sample1_2.fq_fastqc.html sample1_1.fq_fastqc.zip sample1_1.fq_fastqc.html sample2_2.fq_fastqc.zip sample2_2.fq_fastqc.html -o results
[2019-03-12 21:07:30,634] multiqc                                            [DEBUG  ]  Working dir : /home/abdulrahman/h3ameta/preprocessing/work/0d/fc675865557d2f46f6e97d402d135b
[2019-03-12 21:07:30,635] multiqc                                            [INFO   ]  Template    : default
[2019-03-12 21:07:30,635] multiqc                                            [INFO   ]  Searching 'sample2_1.fq_fastqc.zip'
[2019-03-12 21:07:30,635] multiqc                                            [INFO   ]  Searching 'sample2_1.fq_fastqc.html'
[2019-03-12 21:07:30,635] multiqc                                            [INFO   ]  Searching 'sample1_2.fq_fastqc.zip'
[2019-03-12 21:07:30,636] multiqc                                            [INFO   ]  Searching 'sample1_2.fq_fastqc.html'
[2019-03-12 21:07:30,636] multiqc                                            [INFO   ]  Searching 'sample1_1.fq_fastqc.zip'
[2019-03-12 21:07:30,636] multiqc                                            [INFO   ]  Searching 'sample1_1.fq_fastqc.html'
[2019-03-12 21:07:30,637] multiqc                                            [INFO   ]  Searching 'sample2_2.fq_fastqc.zip'
[2019-03-12 21:07:30,637] multiqc                                            [INFO   ]  Searching 'sample2_2.fq_fastqc.html'
[2019-03-12 21:07:30,638] multiqc                                            [DEBUG  ]  Analysing modules: custom_content, conpair, peddy, methylQA, phantompeakqualtools, qualimap, preseq, quast, qorts, rna_seqc, rsem, rseqc, busco, goleft_indexcov, disambiguate, supernova, deeptools, sargasso, verifybamid, mirtrace, happy, homer, macs2, theta2, snpeff, gatk, htseq, bcftools, featureCounts, dedup, damageprofiler, picard, prokka, samblaster, samtools, bamtools, jellyfish, vcftools, longranger, stacks, bbmap, bismark, biscuit, hicexplorer, hicup, hicpro, salmon, kallisto, slamdunk, star, hisat2, tophat, bowtie2, bowtie1, kat, leehom, adapterRemoval, clipandmerge, cutadapt, flexbar, trimmomatic, skewer, sortmerna, biobloomtools, fastq_screen, afterqc, fastp, fastqc, minionqc, clusterflow, bcl2fastq, interop, flash
[2019-03-12 21:07:30,638] multiqc                                            [DEBUG  ]  Using temporary directory for creating report: /tmp/tmpr9o2fx0d
[2019-03-12 21:07:30,801] multiqc                                            [DEBUG  ]  Ignoring file as matched an ignore pattern: sample2_1.fq_fastqc.html
[2019-03-12 21:07:30,801] multiqc                                            [DEBUG  ]  Ignoring file as matched an ignore pattern: sample1_2.fq_fastqc.html
[2019-03-12 21:07:30,802] multiqc                                            [DEBUG  ]  Ignoring file as matched an ignore pattern: sample1_1.fq_fastqc.html
[2019-03-12 21:07:30,802] multiqc                                            [DEBUG  ]  Ignoring file as matched an ignore pattern: sample2_2.fq_fastqc.html
[2019-03-12 21:07:31,492] multiqc                                            [DEBUG  ]  No samples found: custom_content
[2019-03-12 21:07:31,502] multiqc                                            [DEBUG  ]  No samples found: conpair
[2019-03-12 21:07:31,510] multiqc                                            [DEBUG  ]  No samples found: peddy
[2019-03-12 21:07:31,519] multiqc                                            [DEBUG  ]  No samples found: methylQA
[2019-03-12 21:07:31,528] multiqc                                            [DEBUG  ]  No samples found: phantompeakqualtools
[2019-03-12 21:07:31,539] multiqc                                            [DEBUG  ]  No samples found: qualimap
[2019-03-12 21:07:31,548] multiqc                                            [DEBUG  ]  No samples found: preseq
[2019-03-12 21:07:31,557] multiqc                                            [DEBUG  ]  No samples found: quast
[2019-03-12 21:07:31,566] multiqc                                            [DEBUG  ]  No samples found: qorts
[2019-03-12 21:07:31,574] multiqc                                            [DEBUG  ]  No samples found: rna_seqc
[2019-03-12 21:07:31,583] multiqc                                            [DEBUG  ]  No samples found: rsem
[2019-03-12 21:07:31,603] multiqc                                            [DEBUG  ]  No samples found: rseqc
[2019-03-12 21:07:31,613] multiqc                                            [DEBUG  ]  No samples found: busco
[2019-03-12 21:07:31,621] multiqc                                            [DEBUG  ]  No samples found: goleft_indexcov
[2019-03-12 21:07:31,630] multiqc                                            [DEBUG  ]  No samples found: disambiguate
[2019-03-12 21:07:31,639] multiqc                                            [DEBUG  ]  No samples found: supernova
[2019-03-12 21:07:31,660] multiqc                                            [DEBUG  ]  No samples found: deeptools
[2019-03-12 21:07:31,669] multiqc                                            [DEBUG  ]  No samples found: sargasso
[2019-03-12 21:07:31,678] multiqc                                            [DEBUG  ]  No samples found: verifybamid
[2019-03-12 21:07:31,686] multiqc                                            [DEBUG  ]  No samples found: mirtrace
[2019-03-12 21:07:31,695] multiqc                                            [DEBUG  ]  No samples found: happy
[2019-03-12 21:07:31,707] multiqc                                            [DEBUG  ]  No samples found: homer
[2019-03-12 21:07:31,715] multiqc                                            [DEBUG  ]  No samples found: macs2
[2019-03-12 21:07:31,724] multiqc                                            [DEBUG  ]  No samples found: theta2
[2019-03-12 21:07:31,732] multiqc                                            [DEBUG  ]  No samples found: snpeff
[2019-03-12 21:07:31,744] multiqc                                            [DEBUG  ]  No samples found: gatk
[2019-03-12 21:07:31,753] multiqc                                            [DEBUG  ]  No samples found: htseq
[2019-03-12 21:07:31,762] multiqc                                            [DEBUG  ]  No samples found: bcftools
[2019-03-12 21:07:31,771] multiqc                                            [DEBUG  ]  No samples found: featureCounts
[2019-03-12 21:07:31,779] multiqc                                            [DEBUG  ]  No samples found: dedup
[2019-03-12 21:07:31,788] multiqc                                            [DEBUG  ]  No samples found: damageprofiler
[2019-03-12 21:07:31,815] multiqc                                            [DEBUG  ]  No samples found: picard
[2019-03-12 21:07:31,824] multiqc                                            [DEBUG  ]  No samples found: prokka
[2019-03-12 21:07:31,833] multiqc                                            [DEBUG  ]  No samples found: samblaster
[2019-03-12 21:07:31,847] multiqc                                            [DEBUG  ]  No samples found: samtools
[2019-03-12 21:07:31,857] multiqc                                            [DEBUG  ]  No samples found: bamtools
[2019-03-12 21:07:31,865] multiqc                                            [DEBUG  ]  No samples found: jellyfish
[2019-03-12 21:07:31,879] multiqc                                            [DEBUG  ]  No samples found: vcftools
[2019-03-12 21:07:31,888] multiqc                                            [DEBUG  ]  No samples found: longranger
[2019-03-12 21:07:31,896] multiqc                                            [DEBUG  ]  No samples found: stacks
[2019-03-12 21:07:31,919] multiqc                                            [DEBUG  ]  No samples found: bbmap
[2019-03-12 21:07:31,929] multiqc                                            [DEBUG  ]  No samples found: bismark
[2019-03-12 21:07:31,938] multiqc                                            [DEBUG  ]  No samples found: biscuit
[2019-03-12 21:07:31,947] multiqc                                            [DEBUG  ]  No samples found: hicexplorer
[2019-03-12 21:07:31,955] multiqc                                            [DEBUG  ]  No samples found: hicup
[2019-03-12 21:07:31,964] multiqc                                            [DEBUG  ]  No samples found: hicpro
[2019-03-12 21:07:31,972] multiqc                                            [DEBUG  ]  No samples found: salmon
[2019-03-12 21:07:31,981] multiqc                                            [DEBUG  ]  No samples found: kallisto
[2019-03-12 21:07:31,989] multiqc                                            [DEBUG  ]  No samples found: slamdunk
[2019-03-12 21:07:31,998] multiqc                                            [DEBUG  ]  No samples found: star
[2019-03-12 21:07:32,007] multiqc                                            [DEBUG  ]  No samples found: hisat2
[2019-03-12 21:07:32,015] multiqc                                            [DEBUG  ]  No samples found: tophat
[2019-03-12 21:07:32,024] multiqc                                            [DEBUG  ]  No samples found: bowtie2
[2019-03-12 21:07:32,032] multiqc                                            [DEBUG  ]  No samples found: bowtie1
[2019-03-12 21:07:32,041] multiqc                                            [DEBUG  ]  No samples found: kat
[2019-03-12 21:07:32,050] multiqc                                            [DEBUG  ]  No samples found: leehom
[2019-03-12 21:07:32,058] multiqc                                            [DEBUG  ]  No samples found: adapterRemoval
[2019-03-12 21:07:32,067] multiqc                                            [DEBUG  ]  No samples found: clipandmerge
[2019-03-12 21:07:32,075] multiqc                                            [DEBUG  ]  No samples found: cutadapt
[2019-03-12 21:07:32,084] multiqc                                            [DEBUG  ]  No samples found: flexbar
[2019-03-12 21:07:32,092] multiqc                                            [DEBUG  ]  No samples found: trimmomatic
[2019-03-12 21:07:32,101] multiqc                                            [DEBUG  ]  No samples found: skewer
[2019-03-12 21:07:32,110] multiqc                                            [DEBUG  ]  No samples found: sortmerna
[2019-03-12 21:07:32,118] multiqc                                            [DEBUG  ]  No samples found: biobloomtools
[2019-03-12 21:07:32,127] multiqc                                            [DEBUG  ]  No samples found: fastq_screen
[2019-03-12 21:07:32,135] multiqc                                            [DEBUG  ]  No samples found: afterqc
[2019-03-12 21:07:32,144] multiqc                                            [DEBUG  ]  No samples found: fastp
[2019-03-12 21:07:32,182] multiqc.modules.fastqc.fastqc                      [INFO   ]  Found 4 reports
[2019-03-12 21:07:32,303] multiqc                                            [DEBUG  ]  No samples found: minionqc
[2019-03-12 21:07:32,312] multiqc                                            [DEBUG  ]  No samples found: clusterflow
[2019-03-12 21:07:32,321] multiqc                                            [DEBUG  ]  No samples found: bcl2fastq
[2019-03-12 21:07:32,330] multiqc                                            [DEBUG  ]  No samples found: interop
[2019-03-12 21:07:32,338] multiqc                                            [DEBUG  ]  No samples found: flash
[2019-03-12 21:07:32,349] multiqc                                            [INFO   ]  Compressing plot data
[2019-03-12 21:07:32,415] multiqc                                            [INFO   ]  Report      : results/multiqc_report.html
[2019-03-12 21:07:32,415] multiqc                                            [INFO   ]  Data        : results/multiqc_data
[2019-03-12 21:07:32,434] multiqc                                            [DEBUG  ]  Moving data file from '/tmp/tmpr9o2fx0d/multiqc_data/multiqc_fastqc.txt' to 'results/multiqc_data'
[2019-03-12 21:07:32,439] multiqc                                            [DEBUG  ]  Moving data file from '/tmp/tmpr9o2fx0d/multiqc_data/multiqc_general_stats.txt' to 'results/multiqc_data'
[2019-03-12 21:07:32,442] multiqc                                            [DEBUG  ]  Moving data file from '/tmp/tmpr9o2fx0d/multiqc_data/multiqc_sources.txt' to 'results/multiqc_data'
[2019-03-12 21:07:32,445] multiqc                                            [DEBUG  ]  Moving data file from '/tmp/tmpr9o2fx0d/multiqc_data/multiqc_data.json' to 'results/multiqc_data'
[2019-03-12 21:07:32,721] multiqc                                            [INFO   ]  MultiQC complete
