Mar-11 17:27:57.341 [main] DEBUG nextflow.cli.Launcher - $> /opt/exp_soft/bioinf/bin/nextflow run preprocessing1.nf
Mar-11 17:27:57.596 [main] INFO  nextflow.cli.CmdRun - N E X T F L O W  ~  version 18.10.1
Mar-11 17:27:57.617 [main] INFO  nextflow.cli.CmdRun - Launching `preprocessing1.nf` [compassionate_shaw] - revision: 6ab0e705ef
Mar-11 17:27:57.734 [main] DEBUG nextflow.Session - Session uuid: ef34ef23-391b-4ab9-ace6-ae5f61120730
Mar-11 17:27:57.735 [main] DEBUG nextflow.Session - Run name: compassionate_shaw
Mar-11 17:27:57.738 [main] DEBUG nextflow.Session - Executor pool size: 8
Mar-11 17:27:57.758 [main] DEBUG nextflow.cli.CmdRun - 
  Version: 18.10.1 build 5003
  Modified: 24-10-2018 14:03 UTC (16:03 SAST)
  System: Linux 3.10.0-957.5.1.el7.x86_64
  Runtime: Groovy 2.5.3 on OpenJDK 64-Bit Server VM 1.8.0_191-b12
  Encoding: UTF-8 (UTF-8)
  Process: 10838@cream-ce.core.wits.ac.za [146.141.240.90]
  CPUs: 8 - Mem: 15.5 GB (2.1 GB) - Swap: 7.9 GB (7.5 GB)
Mar-11 17:27:57.971 [main] DEBUG nextflow.file.FileHelper - Can't check if specified path is NFS (139): /home/abdulrahman/h3ameta/preprocessing/Abdul/work

Mar-11 17:27:57.971 [main] DEBUG nextflow.Session - Work-dir: /home/abdulrahman/h3ameta/preprocessing/Abdul/work [null]
Mar-11 17:27:57.972 [main] DEBUG nextflow.Session - Script base path does not exist or is not a directory: /home/abdulrahman/h3ameta/preprocessing/Abdul/bin
Mar-11 17:27:58.260 [main] DEBUG nextflow.Session - Session start invoked
Mar-11 17:27:58.274 [main] DEBUG nextflow.processor.TaskDispatcher - Dispatcher > start
Mar-11 17:27:58.275 [main] DEBUG nextflow.script.ScriptRunner - > Script parsing
Mar-11 17:27:59.068 [main] DEBUG nextflow.script.ScriptRunner - > Launching execution
Mar-11 17:27:59.456 [main] DEBUG nextflow.processor.ProcessFactory - << taskConfig executor: null
Mar-11 17:27:59.456 [main] DEBUG nextflow.processor.ProcessFactory - >> processorType: 'local'
Mar-11 17:27:59.467 [main] DEBUG nextflow.executor.Executor - Initializing executor: local
Mar-11 17:27:59.470 [main] INFO  nextflow.executor.Executor - [warm up] executor > local
Mar-11 17:27:59.479 [main] DEBUG n.processor.LocalPollingMonitor - Creating local task monitor for executor 'local' > cpus=8; memory=15.5 GB; capacity=8; pollInterval=100ms; dumpInterval=5m
Mar-11 17:27:59.485 [main] DEBUG nextflow.processor.TaskDispatcher - Starting monitor: LocalPollingMonitor
Mar-11 17:27:59.486 [main] DEBUG n.processor.TaskPollingMonitor - >>> barrier register (monitor: local)
Mar-11 17:27:59.491 [main] DEBUG nextflow.executor.Executor - Invoke register for executor: local
Mar-11 17:27:59.595 [main] DEBUG nextflow.Session - >>> barrier register (process: runFastQCOriginal)
Mar-11 17:27:59.600 [main] DEBUG nextflow.processor.TaskProcessor - Creating operator > runFastQCOriginal -- maxForks: 8
Mar-11 17:27:59.706 [main] DEBUG nextflow.processor.ProcessFactory - << taskConfig executor: null
Mar-11 17:27:59.706 [main] DEBUG nextflow.processor.ProcessFactory - >> processorType: 'local'
Mar-11 17:27:59.707 [main] DEBUG nextflow.executor.Executor - Initializing executor: local
Mar-11 17:27:59.708 [main] DEBUG nextflow.Session - >>> barrier register (process: runMultiQc)
Mar-11 17:27:59.709 [main] DEBUG nextflow.processor.TaskProcessor - Creating operator > runMultiQc -- maxForks: 8
Mar-11 17:27:59.711 [main] DEBUG nextflow.script.ScriptRunner - > Await termination 
Mar-11 17:27:59.711 [main] DEBUG nextflow.Session - Session await
Mar-11 17:27:59.916 [Task submitter] DEBUG nextflow.executor.LocalTaskHandler - Launch cmd line: /bin/bash -ue .command.run
Mar-11 17:27:59.924 [Task submitter] INFO  nextflow.Session - [54/6ffab3] Submitted process > runFastQCOriginal (1)
Mar-11 17:27:59.947 [Task submitter] DEBUG nextflow.executor.LocalTaskHandler - Launch cmd line: /bin/bash -ue .command.run
Mar-11 17:27:59.948 [Task submitter] INFO  nextflow.Session - [90/a397ba] Submitted process > runFastQCOriginal (3)
Mar-11 17:28:03.657 [Task monitor] DEBUG n.processor.TaskPollingMonitor - Task completed > TaskHandler[id: 3; name: runFastQCOriginal (3); status: COMPLETED; exit: 0; error: -; workDir: /home/abdulrahman/h3ameta/preprocessing/Abdul/work/90/a397bafdb5825862fb587ad1242cec]
Mar-11 17:28:03.683 [Task submitter] DEBUG nextflow.executor.LocalTaskHandler - Launch cmd line: /bin/bash -ue .command.run
Mar-11 17:28:03.684 [Task submitter] INFO  nextflow.Session - [75/3b60b9] Submitted process > runFastQCOriginal (4)
Mar-11 17:28:04.647 [Task monitor] DEBUG n.processor.TaskPollingMonitor - Task completed > TaskHandler[id: 1; name: runFastQCOriginal (1); status: COMPLETED; exit: 0; error: -; workDir: /home/abdulrahman/h3ameta/preprocessing/Abdul/work/54/6ffab34dbc4514e45d4ba662b654d8]
Mar-11 17:28:04.662 [Task submitter] DEBUG nextflow.executor.LocalTaskHandler - Launch cmd line: /bin/bash -ue .command.run
Mar-11 17:28:04.663 [Task submitter] INFO  nextflow.Session - [71/a4a4c7] Submitted process > runFastQCOriginal (2)
Mar-11 17:28:07.164 [Task monitor] DEBUG n.processor.TaskPollingMonitor - Task completed > TaskHandler[id: 2; name: runFastQCOriginal (4); status: COMPLETED; exit: 0; error: -; workDir: /home/abdulrahman/h3ameta/preprocessing/Abdul/work/75/3b60b9c6cfabbc76d365fee9ca29c2]
Mar-11 17:28:08.106 [Task monitor] DEBUG n.processor.TaskPollingMonitor - Task completed > TaskHandler[id: 4; name: runFastQCOriginal (2); status: COMPLETED; exit: 0; error: -; workDir: /home/abdulrahman/h3ameta/preprocessing/Abdul/work/71/a4a4c7fb26134146d9fe9246375928]
Mar-11 17:28:08.139 [Actor Thread 8] DEBUG nextflow.Session - <<< barrier arrive (process: runFastQCOriginal)
Mar-11 17:28:08.174 [Task submitter] DEBUG nextflow.executor.LocalTaskHandler - Launch cmd line: /bin/bash -ue .command.run
Mar-11 17:28:08.175 [Task submitter] INFO  nextflow.Session - [0c/eb63ea] Submitted process > runMultiQc
Mar-11 17:28:16.064 [Task monitor] DEBUG n.processor.TaskPollingMonitor - Task completed > TaskHandler[id: 5; name: runMultiQc; status: COMPLETED; exit: 0; error: -; workDir: /home/abdulrahman/h3ameta/preprocessing/Abdul/work/0c/eb63ea38492b0f0f6463c7071504b3]
Mar-11 17:28:16.074 [Actor Thread 2] DEBUG nextflow.Session - <<< barrier arrive (process: runMultiQc)
Mar-11 17:28:16.074 [main] DEBUG nextflow.Session - Session await > all process finished
Mar-11 17:28:16.075 [Task monitor] DEBUG n.processor.TaskPollingMonitor - <<< barrier arrives (monitor: local)
Mar-11 17:28:16.076 [main] DEBUG nextflow.Session - Session await > all barriers passed
Mar-11 17:28:16.087 [main] DEBUG nextflow.trace.StatsObserver - Workflow completed > WorkflowStats[succeedCount=5; failedCount=0; ignoredCount=0; cachedCount=0; succeedDuration=1m 8s; failedDuration=0ms; cachedDuration=0ms]
Mar-11 17:28:16.108 [main] DEBUG nextflow.CacheDB - Closing CacheDB done
Mar-11 17:28:16.143 [main] DEBUG nextflow.script.ScriptRunner - > Execution complete -- Goodbye
