[2019-03-11 16:26:46,326] multiqc                                            [DEBUG  ]  No MultiQC config found: /opt/exp_soft/python36/lib/python3.6/site-packages/multiqc_config.yaml
[2019-03-11 16:26:46,326] multiqc                                            [DEBUG  ]  No MultiQC config found: /home/abdulrahman/.multiqc_config.yaml
[2019-03-11 16:26:46,327] multiqc                                            [DEBUG  ]  No MultiQC config found: multiqc_config.yaml
[2019-03-11 16:26:46,327] multiqc                                            [DEBUG  ]  Command used: /opt/exp_soft/python36/bin/multiqc sample2_1.fq_fastqc.zip sample2_1.fq_fastqc.html sample1_2.fq_fastqc.zip sample1_2.fq_fastqc.html sample1_1.fq_fastqc.zip sample1_1.fq_fastqc.html sample2_2.fq_fastqc.zip sample2_2.fq_fastqc.html -o results
[2019-03-11 16:26:47,641] multiqc                                            [DEBUG  ]  Latest MultiQC version is v1.7
[2019-03-11 16:26:47,641] multiqc                                            [INFO   ]  This is MultiQC v1.7
[2019-03-11 16:26:47,642] multiqc                                            [DEBUG  ]  Command     : /opt/exp_soft/python36/bin/multiqc sample2_1.fq_fastqc.zip sample2_1.fq_fastqc.html sample1_2.fq_fastqc.zip sample1_2.fq_fastqc.html sample1_1.fq_fastqc.zip sample1_1.fq_fastqc.html sample2_2.fq_fastqc.zip sample2_2.fq_fastqc.html -o results
[2019-03-11 16:26:47,642] multiqc                                            [DEBUG  ]  Working dir : /home/abdulrahman/h3ameta/preprocessing/Abdul/work/88/80bd11e862ef81d04899b0a83d43db
[2019-03-11 16:26:47,642] multiqc                                            [INFO   ]  Template    : default
[2019-03-11 16:26:47,642] multiqc                                            [INFO   ]  Searching 'sample2_1.fq_fastqc.zip'
[2019-03-11 16:26:47,643] multiqc                                            [INFO   ]  Searching 'sample2_1.fq_fastqc.html'
[2019-03-11 16:26:47,643] multiqc                                            [INFO   ]  Searching 'sample1_2.fq_fastqc.zip'
[2019-03-11 16:26:47,644] multiqc                                            [INFO   ]  Searching 'sample1_2.fq_fastqc.html'
[2019-03-11 16:26:47,644] multiqc                                            [INFO   ]  Searching 'sample1_1.fq_fastqc.zip'
[2019-03-11 16:26:47,644] multiqc                                            [INFO   ]  Searching 'sample1_1.fq_fastqc.html'
[2019-03-11 16:26:47,645] multiqc                                            [INFO   ]  Searching 'sample2_2.fq_fastqc.zip'
[2019-03-11 16:26:47,645] multiqc                                            [INFO   ]  Searching 'sample2_2.fq_fastqc.html'
[2019-03-11 16:26:47,646] multiqc                                            [DEBUG  ]  Analysing modules: custom_content, conpair, peddy, methylQA, phantompeakqualtools, qualimap, preseq, quast, qorts, rna_seqc, rsem, rseqc, busco, goleft_indexcov, disambiguate, supernova, deeptools, sargasso, verifybamid, mirtrace, happy, homer, macs2, theta2, snpeff, gatk, htseq, bcftools, featureCounts, dedup, damageprofiler, picard, prokka, samblaster, samtools, bamtools, jellyfish, vcftools, longranger, stacks, bbmap, bismark, biscuit, hicexplorer, hicup, hicpro, salmon, kallisto, slamdunk, star, hisat2, tophat, bowtie2, bowtie1, kat, leehom, adapterRemoval, clipandmerge, cutadapt, flexbar, trimmomatic, skewer, sortmerna, biobloomtools, fastq_screen, afterqc, fastp, fastqc, minionqc, clusterflow, bcl2fastq, interop, flash
[2019-03-11 16:26:47,647] multiqc                                            [DEBUG  ]  Using temporary directory for creating report: /tmp/tmpqf0vz7qa
[2019-03-11 16:26:47,783] multiqc                                            [DEBUG  ]  Ignoring file as matched an ignore pattern: sample2_1.fq_fastqc.html
[2019-03-11 16:26:47,784] multiqc                                            [DEBUG  ]  Ignoring file as matched an ignore pattern: sample1_2.fq_fastqc.html
[2019-03-11 16:26:47,784] multiqc                                            [DEBUG  ]  Ignoring file as matched an ignore pattern: sample1_1.fq_fastqc.html
[2019-03-11 16:26:47,785] multiqc                                            [DEBUG  ]  Ignoring file as matched an ignore pattern: sample2_2.fq_fastqc.html
[2019-03-11 16:26:48,515] multiqc                                            [DEBUG  ]  No samples found: custom_content
[2019-03-11 16:26:48,526] multiqc                                            [DEBUG  ]  No samples found: conpair
[2019-03-11 16:26:48,535] multiqc                                            [DEBUG  ]  No samples found: peddy
[2019-03-11 16:26:48,544] multiqc                                            [DEBUG  ]  No samples found: methylQA
[2019-03-11 16:26:48,554] multiqc                                            [DEBUG  ]  No samples found: phantompeakqualtools
[2019-03-11 16:26:48,567] multiqc                                            [DEBUG  ]  No samples found: qualimap
[2019-03-11 16:26:48,576] multiqc                                            [DEBUG  ]  No samples found: preseq
[2019-03-11 16:26:48,586] multiqc                                            [DEBUG  ]  No samples found: quast
[2019-03-11 16:26:48,595] multiqc                                            [DEBUG  ]  No samples found: qorts
[2019-03-11 16:26:48,604] multiqc                                            [DEBUG  ]  No samples found: rna_seqc
[2019-03-11 16:26:48,614] multiqc                                            [DEBUG  ]  No samples found: rsem
[2019-03-11 16:26:48,636] multiqc                                            [DEBUG  ]  No samples found: rseqc
[2019-03-11 16:26:48,646] multiqc                                            [DEBUG  ]  No samples found: busco
[2019-03-11 16:26:48,655] multiqc                                            [DEBUG  ]  No samples found: goleft_indexcov
[2019-03-11 16:26:48,664] multiqc                                            [DEBUG  ]  No samples found: disambiguate
[2019-03-11 16:26:48,673] multiqc                                            [DEBUG  ]  No samples found: supernova
[2019-03-11 16:26:48,696] multiqc                                            [DEBUG  ]  No samples found: deeptools
[2019-03-11 16:26:48,706] multiqc                                            [DEBUG  ]  No samples found: sargasso
[2019-03-11 16:26:48,716] multiqc                                            [DEBUG  ]  No samples found: verifybamid
[2019-03-11 16:26:48,725] multiqc                                            [DEBUG  ]  No samples found: mirtrace
[2019-03-11 16:26:48,735] multiqc                                            [DEBUG  ]  No samples found: happy
[2019-03-11 16:26:48,747] multiqc                                            [DEBUG  ]  No samples found: homer
[2019-03-11 16:26:48,757] multiqc                                            [DEBUG  ]  No samples found: macs2
[2019-03-11 16:26:48,766] multiqc                                            [DEBUG  ]  No samples found: theta2
[2019-03-11 16:26:48,775] multiqc                                            [DEBUG  ]  No samples found: snpeff
[2019-03-11 16:26:48,787] multiqc                                            [DEBUG  ]  No samples found: gatk
[2019-03-11 16:26:48,797] multiqc                                            [DEBUG  ]  No samples found: htseq
[2019-03-11 16:26:48,807] multiqc                                            [DEBUG  ]  No samples found: bcftools
[2019-03-11 16:26:48,816] multiqc                                            [DEBUG  ]  No samples found: featureCounts
[2019-03-11 16:26:48,825] multiqc                                            [DEBUG  ]  No samples found: dedup
[2019-03-11 16:26:48,834] multiqc                                            [DEBUG  ]  No samples found: damageprofiler
[2019-03-11 16:26:48,865] multiqc                                            [DEBUG  ]  No samples found: picard
[2019-03-11 16:26:48,877] multiqc                                            [DEBUG  ]  No samples found: prokka
[2019-03-11 16:26:48,886] multiqc                                            [DEBUG  ]  No samples found: samblaster
[2019-03-11 16:26:48,901] multiqc                                            [DEBUG  ]  No samples found: samtools
[2019-03-11 16:26:48,913] multiqc                                            [DEBUG  ]  No samples found: bamtools
[2019-03-11 16:26:48,922] multiqc                                            [DEBUG  ]  No samples found: jellyfish
[2019-03-11 16:26:48,936] multiqc                                            [DEBUG  ]  No samples found: vcftools
[2019-03-11 16:26:48,945] multiqc                                            [DEBUG  ]  No samples found: longranger
[2019-03-11 16:26:48,955] multiqc                                            [DEBUG  ]  No samples found: stacks
[2019-03-11 16:26:48,981] multiqc                                            [DEBUG  ]  No samples found: bbmap
[2019-03-11 16:26:48,993] multiqc                                            [DEBUG  ]  No samples found: bismark
[2019-03-11 16:26:49,003] multiqc                                            [DEBUG  ]  No samples found: biscuit
[2019-03-11 16:26:49,012] multiqc                                            [DEBUG  ]  No samples found: hicexplorer
[2019-03-11 16:26:49,021] multiqc                                            [DEBUG  ]  No samples found: hicup
[2019-03-11 16:26:49,030] multiqc                                            [DEBUG  ]  No samples found: hicpro
[2019-03-11 16:26:49,040] multiqc                                            [DEBUG  ]  No samples found: salmon
[2019-03-11 16:26:49,050] multiqc                                            [DEBUG  ]  No samples found: kallisto
[2019-03-11 16:26:49,060] multiqc                                            [DEBUG  ]  No samples found: slamdunk
[2019-03-11 16:26:49,071] multiqc                                            [DEBUG  ]  No samples found: star
[2019-03-11 16:26:49,081] multiqc                                            [DEBUG  ]  No samples found: hisat2
[2019-03-11 16:26:49,091] multiqc                                            [DEBUG  ]  No samples found: tophat
[2019-03-11 16:26:49,100] multiqc                                            [DEBUG  ]  No samples found: bowtie2
[2019-03-11 16:26:49,110] multiqc                                            [DEBUG  ]  No samples found: bowtie1
[2019-03-11 16:26:49,119] multiqc                                            [DEBUG  ]  No samples found: kat
[2019-03-11 16:26:49,128] multiqc                                            [DEBUG  ]  No samples found: leehom
[2019-03-11 16:26:49,138] multiqc                                            [DEBUG  ]  No samples found: adapterRemoval
[2019-03-11 16:26:49,146] multiqc                                            [DEBUG  ]  No samples found: clipandmerge
[2019-03-11 16:26:49,155] multiqc                                            [DEBUG  ]  No samples found: cutadapt
[2019-03-11 16:26:49,164] multiqc                                            [DEBUG  ]  No samples found: flexbar
[2019-03-11 16:26:49,173] multiqc                                            [DEBUG  ]  No samples found: trimmomatic
[2019-03-11 16:26:49,182] multiqc                                            [DEBUG  ]  No samples found: skewer
[2019-03-11 16:26:49,191] multiqc                                            [DEBUG  ]  No samples found: sortmerna
[2019-03-11 16:26:49,200] multiqc                                            [DEBUG  ]  No samples found: biobloomtools
[2019-03-11 16:26:49,210] multiqc                                            [DEBUG  ]  No samples found: fastq_screen
[2019-03-11 16:26:49,219] multiqc                                            [DEBUG  ]  No samples found: afterqc
[2019-03-11 16:26:49,228] multiqc                                            [DEBUG  ]  No samples found: fastp
[2019-03-11 16:26:49,271] multiqc.modules.fastqc.fastqc                      [INFO   ]  Found 4 reports
[2019-03-11 16:26:49,388] multiqc                                            [DEBUG  ]  No samples found: minionqc
[2019-03-11 16:26:49,399] multiqc                                            [DEBUG  ]  No samples found: clusterflow
[2019-03-11 16:26:49,408] multiqc                                            [DEBUG  ]  No samples found: bcl2fastq
[2019-03-11 16:26:49,417] multiqc                                            [DEBUG  ]  No samples found: interop
[2019-03-11 16:26:49,426] multiqc                                            [DEBUG  ]  No samples found: flash
[2019-03-11 16:26:49,436] multiqc                                            [INFO   ]  Compressing plot data
[2019-03-11 16:26:49,498] multiqc                                            [INFO   ]  Report      : results/multiqc_report.html
[2019-03-11 16:26:49,498] multiqc                                            [INFO   ]  Data        : results/multiqc_data
[2019-03-11 16:26:49,500] multiqc                                            [DEBUG  ]  Moving data file from '/tmp/tmpqf0vz7qa/multiqc_data/multiqc_fastqc.txt' to 'results/multiqc_data'
[2019-03-11 16:26:49,504] multiqc                                            [DEBUG  ]  Moving data file from '/tmp/tmpqf0vz7qa/multiqc_data/multiqc_general_stats.txt' to 'results/multiqc_data'
[2019-03-11 16:26:49,508] multiqc                                            [DEBUG  ]  Moving data file from '/tmp/tmpqf0vz7qa/multiqc_data/multiqc_sources.txt' to 'results/multiqc_data'
[2019-03-11 16:26:49,511] multiqc                                            [DEBUG  ]  Moving data file from '/tmp/tmpqf0vz7qa/multiqc_data/multiqc_data.json' to 'results/multiqc_data'
[2019-03-11 16:26:49,819] multiqc                                            [INFO   ]  MultiQC complete
